ARM GAS  /tmp/cc5rnaOi.s 			page 1


   1              		.cpu cortex-m0plus
   2              		.arch armv6s-m
   3              		.fpu softvfp
   4              		.eabi_attribute 20, 1
   5              		.eabi_attribute 21, 1
   6              		.eabi_attribute 23, 3
   7              		.eabi_attribute 24, 1
   8              		.eabi_attribute 25, 1
   9              		.eabi_attribute 26, 1
  10              		.eabi_attribute 30, 1
  11              		.eabi_attribute 34, 0
  12              		.eabi_attribute 18, 4
  13              		.file	"stm32l0xx_hal_exti.c"
  14              		.text
  15              	.Ltext0:
  16              		.cfi_sections	.debug_frame
  17              		.section	.text.HAL_EXTI_SetConfigLine,"ax",%progbits
  18              		.align	1
  19              		.global	HAL_EXTI_SetConfigLine
  20              		.syntax unified
  21              		.code	16
  22              		.thumb_func
  24              	HAL_EXTI_SetConfigLine:
  25              	.LVL0:
  26              	.LFB47:
  27              		.file 1 "Drivers/STM32L0xx_HAL_Driver/Src/stm32l0xx_hal_exti.c"
   1:Drivers/STM32L0xx_HAL_Driver/Src/stm32l0xx_hal_exti.c **** /**
   2:Drivers/STM32L0xx_HAL_Driver/Src/stm32l0xx_hal_exti.c ****   ******************************************************************************
   3:Drivers/STM32L0xx_HAL_Driver/Src/stm32l0xx_hal_exti.c ****   * @file    stm32l0xx_hal_exti.c
   4:Drivers/STM32L0xx_HAL_Driver/Src/stm32l0xx_hal_exti.c ****   * @author  MCD Application Team
   5:Drivers/STM32L0xx_HAL_Driver/Src/stm32l0xx_hal_exti.c ****   * @brief   EXTI HAL module driver.
   6:Drivers/STM32L0xx_HAL_Driver/Src/stm32l0xx_hal_exti.c ****   *          This file provides firmware functions to manage the following
   7:Drivers/STM32L0xx_HAL_Driver/Src/stm32l0xx_hal_exti.c ****   *          functionalities of the Extended Interrupts and events controller (EXTI) peripheral:
   8:Drivers/STM32L0xx_HAL_Driver/Src/stm32l0xx_hal_exti.c ****   *           + Initialization and de-initialization functions
   9:Drivers/STM32L0xx_HAL_Driver/Src/stm32l0xx_hal_exti.c ****   *           + IO operation functions
  10:Drivers/STM32L0xx_HAL_Driver/Src/stm32l0xx_hal_exti.c ****   *
  11:Drivers/STM32L0xx_HAL_Driver/Src/stm32l0xx_hal_exti.c ****   ******************************************************************************
  12:Drivers/STM32L0xx_HAL_Driver/Src/stm32l0xx_hal_exti.c ****   * @attention
  13:Drivers/STM32L0xx_HAL_Driver/Src/stm32l0xx_hal_exti.c ****   *
  14:Drivers/STM32L0xx_HAL_Driver/Src/stm32l0xx_hal_exti.c ****   * Copyright (c) 2019 STMicroelectronics.
  15:Drivers/STM32L0xx_HAL_Driver/Src/stm32l0xx_hal_exti.c ****   * All rights reserved.
  16:Drivers/STM32L0xx_HAL_Driver/Src/stm32l0xx_hal_exti.c ****   *
  17:Drivers/STM32L0xx_HAL_Driver/Src/stm32l0xx_hal_exti.c ****   * This software is licensed under terms that can be found in the LICENSE file
  18:Drivers/STM32L0xx_HAL_Driver/Src/stm32l0xx_hal_exti.c ****   * in the root directory of this software component.
  19:Drivers/STM32L0xx_HAL_Driver/Src/stm32l0xx_hal_exti.c ****   * If no LICENSE file comes with this software, it is provided AS-IS.
  20:Drivers/STM32L0xx_HAL_Driver/Src/stm32l0xx_hal_exti.c ****   *
  21:Drivers/STM32L0xx_HAL_Driver/Src/stm32l0xx_hal_exti.c ****   ******************************************************************************
  22:Drivers/STM32L0xx_HAL_Driver/Src/stm32l0xx_hal_exti.c ****   @verbatim
  23:Drivers/STM32L0xx_HAL_Driver/Src/stm32l0xx_hal_exti.c ****   ==============================================================================
  24:Drivers/STM32L0xx_HAL_Driver/Src/stm32l0xx_hal_exti.c ****                     ##### EXTI Peripheral features #####
  25:Drivers/STM32L0xx_HAL_Driver/Src/stm32l0xx_hal_exti.c ****   ==============================================================================
  26:Drivers/STM32L0xx_HAL_Driver/Src/stm32l0xx_hal_exti.c ****   [..]
  27:Drivers/STM32L0xx_HAL_Driver/Src/stm32l0xx_hal_exti.c ****     (+) Each Exti line can be configured within this driver.
  28:Drivers/STM32L0xx_HAL_Driver/Src/stm32l0xx_hal_exti.c **** 
  29:Drivers/STM32L0xx_HAL_Driver/Src/stm32l0xx_hal_exti.c ****     (+) Exti line can be configured in 3 different modes
  30:Drivers/STM32L0xx_HAL_Driver/Src/stm32l0xx_hal_exti.c ****         (++) Interrupt
  31:Drivers/STM32L0xx_HAL_Driver/Src/stm32l0xx_hal_exti.c ****         (++) Event
ARM GAS  /tmp/cc5rnaOi.s 			page 2


  32:Drivers/STM32L0xx_HAL_Driver/Src/stm32l0xx_hal_exti.c ****         (++) Both of them
  33:Drivers/STM32L0xx_HAL_Driver/Src/stm32l0xx_hal_exti.c **** 
  34:Drivers/STM32L0xx_HAL_Driver/Src/stm32l0xx_hal_exti.c ****     (+) Configurable Exti lines can be configured with 3 different triggers
  35:Drivers/STM32L0xx_HAL_Driver/Src/stm32l0xx_hal_exti.c ****         (++) Rising
  36:Drivers/STM32L0xx_HAL_Driver/Src/stm32l0xx_hal_exti.c ****         (++) Falling
  37:Drivers/STM32L0xx_HAL_Driver/Src/stm32l0xx_hal_exti.c ****         (++) Both of them
  38:Drivers/STM32L0xx_HAL_Driver/Src/stm32l0xx_hal_exti.c **** 
  39:Drivers/STM32L0xx_HAL_Driver/Src/stm32l0xx_hal_exti.c ****     (+) When set in interrupt mode, configurable Exti lines have two different
  40:Drivers/STM32L0xx_HAL_Driver/Src/stm32l0xx_hal_exti.c ****         interrupts pending registers which allow to distinguish which transition
  41:Drivers/STM32L0xx_HAL_Driver/Src/stm32l0xx_hal_exti.c ****         occurs:
  42:Drivers/STM32L0xx_HAL_Driver/Src/stm32l0xx_hal_exti.c ****         (++) Rising edge pending interrupt
  43:Drivers/STM32L0xx_HAL_Driver/Src/stm32l0xx_hal_exti.c ****         (++) Falling
  44:Drivers/STM32L0xx_HAL_Driver/Src/stm32l0xx_hal_exti.c **** 
  45:Drivers/STM32L0xx_HAL_Driver/Src/stm32l0xx_hal_exti.c ****     (+) Exti lines 0 to 15 are linked to gpio pin number 0 to 15. Gpio port can
  46:Drivers/STM32L0xx_HAL_Driver/Src/stm32l0xx_hal_exti.c ****         be selected through multiplexer.
  47:Drivers/STM32L0xx_HAL_Driver/Src/stm32l0xx_hal_exti.c **** 
  48:Drivers/STM32L0xx_HAL_Driver/Src/stm32l0xx_hal_exti.c ****                      ##### How to use this driver #####
  49:Drivers/STM32L0xx_HAL_Driver/Src/stm32l0xx_hal_exti.c ****   ==============================================================================
  50:Drivers/STM32L0xx_HAL_Driver/Src/stm32l0xx_hal_exti.c ****   [..]
  51:Drivers/STM32L0xx_HAL_Driver/Src/stm32l0xx_hal_exti.c **** 
  52:Drivers/STM32L0xx_HAL_Driver/Src/stm32l0xx_hal_exti.c ****     (#) Configure the EXTI line using HAL_EXTI_SetConfigLine().
  53:Drivers/STM32L0xx_HAL_Driver/Src/stm32l0xx_hal_exti.c ****         (++) Choose the interrupt line number by setting "Line" member from
  54:Drivers/STM32L0xx_HAL_Driver/Src/stm32l0xx_hal_exti.c ****              EXTI_ConfigTypeDef structure.
  55:Drivers/STM32L0xx_HAL_Driver/Src/stm32l0xx_hal_exti.c ****         (++) Configure the interrupt and/or event mode using "Mode" member from
  56:Drivers/STM32L0xx_HAL_Driver/Src/stm32l0xx_hal_exti.c ****              EXTI_ConfigTypeDef structure.
  57:Drivers/STM32L0xx_HAL_Driver/Src/stm32l0xx_hal_exti.c ****         (++) For configurable lines, configure rising and/or falling trigger
  58:Drivers/STM32L0xx_HAL_Driver/Src/stm32l0xx_hal_exti.c ****              "Trigger" member from EXTI_ConfigTypeDef structure.
  59:Drivers/STM32L0xx_HAL_Driver/Src/stm32l0xx_hal_exti.c ****         (++) For Exti lines linked to gpio, choose gpio port using "GPIOSel"
  60:Drivers/STM32L0xx_HAL_Driver/Src/stm32l0xx_hal_exti.c ****              member from GPIO_InitTypeDef structure.
  61:Drivers/STM32L0xx_HAL_Driver/Src/stm32l0xx_hal_exti.c **** 
  62:Drivers/STM32L0xx_HAL_Driver/Src/stm32l0xx_hal_exti.c ****     (#) Get current Exti configuration of a dedicated line using
  63:Drivers/STM32L0xx_HAL_Driver/Src/stm32l0xx_hal_exti.c ****         HAL_EXTI_GetConfigLine().
  64:Drivers/STM32L0xx_HAL_Driver/Src/stm32l0xx_hal_exti.c ****         (++) Provide exiting handle as parameter.
  65:Drivers/STM32L0xx_HAL_Driver/Src/stm32l0xx_hal_exti.c ****         (++) Provide pointer on EXTI_ConfigTypeDef structure as second parameter.
  66:Drivers/STM32L0xx_HAL_Driver/Src/stm32l0xx_hal_exti.c **** 
  67:Drivers/STM32L0xx_HAL_Driver/Src/stm32l0xx_hal_exti.c ****     (#) Clear Exti configuration of a dedicated line using HAL_EXTI_GetConfigLine().
  68:Drivers/STM32L0xx_HAL_Driver/Src/stm32l0xx_hal_exti.c ****         (++) Provide exiting handle as parameter.
  69:Drivers/STM32L0xx_HAL_Driver/Src/stm32l0xx_hal_exti.c **** 
  70:Drivers/STM32L0xx_HAL_Driver/Src/stm32l0xx_hal_exti.c ****     (#) Register callback to treat Exti interrupts using HAL_EXTI_RegisterCallback().
  71:Drivers/STM32L0xx_HAL_Driver/Src/stm32l0xx_hal_exti.c ****         (++) Provide exiting handle as first parameter.
  72:Drivers/STM32L0xx_HAL_Driver/Src/stm32l0xx_hal_exti.c ****         (++) Provide which callback will be registered using one value from
  73:Drivers/STM32L0xx_HAL_Driver/Src/stm32l0xx_hal_exti.c ****              EXTI_CallbackIDTypeDef.
  74:Drivers/STM32L0xx_HAL_Driver/Src/stm32l0xx_hal_exti.c ****         (++) Provide callback function pointer.
  75:Drivers/STM32L0xx_HAL_Driver/Src/stm32l0xx_hal_exti.c **** 
  76:Drivers/STM32L0xx_HAL_Driver/Src/stm32l0xx_hal_exti.c ****     (#) Get interrupt pending bit using HAL_EXTI_GetPending().
  77:Drivers/STM32L0xx_HAL_Driver/Src/stm32l0xx_hal_exti.c **** 
  78:Drivers/STM32L0xx_HAL_Driver/Src/stm32l0xx_hal_exti.c ****     (#) Clear interrupt pending bit using HAL_EXTI_GetPending().
  79:Drivers/STM32L0xx_HAL_Driver/Src/stm32l0xx_hal_exti.c **** 
  80:Drivers/STM32L0xx_HAL_Driver/Src/stm32l0xx_hal_exti.c ****     (#) Generate software interrupt using HAL_EXTI_GenerateSWI().
  81:Drivers/STM32L0xx_HAL_Driver/Src/stm32l0xx_hal_exti.c **** 
  82:Drivers/STM32L0xx_HAL_Driver/Src/stm32l0xx_hal_exti.c ****   @endverbatim
  83:Drivers/STM32L0xx_HAL_Driver/Src/stm32l0xx_hal_exti.c ****   */
  84:Drivers/STM32L0xx_HAL_Driver/Src/stm32l0xx_hal_exti.c **** 
  85:Drivers/STM32L0xx_HAL_Driver/Src/stm32l0xx_hal_exti.c **** /* Includes ------------------------------------------------------------------*/
  86:Drivers/STM32L0xx_HAL_Driver/Src/stm32l0xx_hal_exti.c **** #include "stm32l0xx_hal.h"
  87:Drivers/STM32L0xx_HAL_Driver/Src/stm32l0xx_hal_exti.c **** 
  88:Drivers/STM32L0xx_HAL_Driver/Src/stm32l0xx_hal_exti.c **** /** @addtogroup STM32L0xx_HAL_Driver
ARM GAS  /tmp/cc5rnaOi.s 			page 3


  89:Drivers/STM32L0xx_HAL_Driver/Src/stm32l0xx_hal_exti.c ****   * @{
  90:Drivers/STM32L0xx_HAL_Driver/Src/stm32l0xx_hal_exti.c ****   */
  91:Drivers/STM32L0xx_HAL_Driver/Src/stm32l0xx_hal_exti.c **** 
  92:Drivers/STM32L0xx_HAL_Driver/Src/stm32l0xx_hal_exti.c **** /** @addtogroup EXTI
  93:Drivers/STM32L0xx_HAL_Driver/Src/stm32l0xx_hal_exti.c ****   * @{
  94:Drivers/STM32L0xx_HAL_Driver/Src/stm32l0xx_hal_exti.c ****   */
  95:Drivers/STM32L0xx_HAL_Driver/Src/stm32l0xx_hal_exti.c **** /** MISRA C:2012 deviation rule has been granted for following rule:
  96:Drivers/STM32L0xx_HAL_Driver/Src/stm32l0xx_hal_exti.c ****   * Rule-18.1_b - Medium: Array `EXTICR' 1st subscript interval [0,7] may be out
  97:Drivers/STM32L0xx_HAL_Driver/Src/stm32l0xx_hal_exti.c ****   * of bounds [0,3] in following API :
  98:Drivers/STM32L0xx_HAL_Driver/Src/stm32l0xx_hal_exti.c ****   * HAL_EXTI_SetConfigLine
  99:Drivers/STM32L0xx_HAL_Driver/Src/stm32l0xx_hal_exti.c ****   * HAL_EXTI_GetConfigLine
 100:Drivers/STM32L0xx_HAL_Driver/Src/stm32l0xx_hal_exti.c ****   * HAL_EXTI_ClearConfigLine
 101:Drivers/STM32L0xx_HAL_Driver/Src/stm32l0xx_hal_exti.c ****   */
 102:Drivers/STM32L0xx_HAL_Driver/Src/stm32l0xx_hal_exti.c **** 
 103:Drivers/STM32L0xx_HAL_Driver/Src/stm32l0xx_hal_exti.c **** #ifdef HAL_EXTI_MODULE_ENABLED
 104:Drivers/STM32L0xx_HAL_Driver/Src/stm32l0xx_hal_exti.c **** 
 105:Drivers/STM32L0xx_HAL_Driver/Src/stm32l0xx_hal_exti.c **** /* Private typedef -----------------------------------------------------------*/
 106:Drivers/STM32L0xx_HAL_Driver/Src/stm32l0xx_hal_exti.c **** /* Private defines -----------------------------------------------------------*/
 107:Drivers/STM32L0xx_HAL_Driver/Src/stm32l0xx_hal_exti.c **** /** @defgroup EXTI_Private_Constants EXTI Private Constants
 108:Drivers/STM32L0xx_HAL_Driver/Src/stm32l0xx_hal_exti.c ****   * @{
 109:Drivers/STM32L0xx_HAL_Driver/Src/stm32l0xx_hal_exti.c ****   */
 110:Drivers/STM32L0xx_HAL_Driver/Src/stm32l0xx_hal_exti.c **** 
 111:Drivers/STM32L0xx_HAL_Driver/Src/stm32l0xx_hal_exti.c **** /**
 112:Drivers/STM32L0xx_HAL_Driver/Src/stm32l0xx_hal_exti.c ****   * @}
 113:Drivers/STM32L0xx_HAL_Driver/Src/stm32l0xx_hal_exti.c ****   */
 114:Drivers/STM32L0xx_HAL_Driver/Src/stm32l0xx_hal_exti.c **** 
 115:Drivers/STM32L0xx_HAL_Driver/Src/stm32l0xx_hal_exti.c **** /* Private macros ------------------------------------------------------------*/
 116:Drivers/STM32L0xx_HAL_Driver/Src/stm32l0xx_hal_exti.c **** /* Private variables ---------------------------------------------------------*/
 117:Drivers/STM32L0xx_HAL_Driver/Src/stm32l0xx_hal_exti.c **** /* Private function prototypes -----------------------------------------------*/
 118:Drivers/STM32L0xx_HAL_Driver/Src/stm32l0xx_hal_exti.c **** /* Exported functions --------------------------------------------------------*/
 119:Drivers/STM32L0xx_HAL_Driver/Src/stm32l0xx_hal_exti.c **** 
 120:Drivers/STM32L0xx_HAL_Driver/Src/stm32l0xx_hal_exti.c **** /** @addtogroup EXTI_Exported_Functions
 121:Drivers/STM32L0xx_HAL_Driver/Src/stm32l0xx_hal_exti.c ****   * @{
 122:Drivers/STM32L0xx_HAL_Driver/Src/stm32l0xx_hal_exti.c ****   */
 123:Drivers/STM32L0xx_HAL_Driver/Src/stm32l0xx_hal_exti.c **** 
 124:Drivers/STM32L0xx_HAL_Driver/Src/stm32l0xx_hal_exti.c **** /** @addtogroup EXTI_Exported_Functions_Group1
 125:Drivers/STM32L0xx_HAL_Driver/Src/stm32l0xx_hal_exti.c ****   *  @brief    Configuration functions
 126:Drivers/STM32L0xx_HAL_Driver/Src/stm32l0xx_hal_exti.c ****   *
 127:Drivers/STM32L0xx_HAL_Driver/Src/stm32l0xx_hal_exti.c **** @verbatim
 128:Drivers/STM32L0xx_HAL_Driver/Src/stm32l0xx_hal_exti.c ****  ===============================================================================
 129:Drivers/STM32L0xx_HAL_Driver/Src/stm32l0xx_hal_exti.c ****               ##### Configuration functions #####
 130:Drivers/STM32L0xx_HAL_Driver/Src/stm32l0xx_hal_exti.c ****  ===============================================================================
 131:Drivers/STM32L0xx_HAL_Driver/Src/stm32l0xx_hal_exti.c **** 
 132:Drivers/STM32L0xx_HAL_Driver/Src/stm32l0xx_hal_exti.c **** @endverbatim
 133:Drivers/STM32L0xx_HAL_Driver/Src/stm32l0xx_hal_exti.c ****   * @{
 134:Drivers/STM32L0xx_HAL_Driver/Src/stm32l0xx_hal_exti.c ****   */
 135:Drivers/STM32L0xx_HAL_Driver/Src/stm32l0xx_hal_exti.c **** 
 136:Drivers/STM32L0xx_HAL_Driver/Src/stm32l0xx_hal_exti.c **** /**
 137:Drivers/STM32L0xx_HAL_Driver/Src/stm32l0xx_hal_exti.c ****   * @brief  Set configuration of a dedicated Exti line.
 138:Drivers/STM32L0xx_HAL_Driver/Src/stm32l0xx_hal_exti.c ****   * @param  hexti Exti handle.
 139:Drivers/STM32L0xx_HAL_Driver/Src/stm32l0xx_hal_exti.c ****   * @param  pExtiConfig Pointer on EXTI configuration to be set.
 140:Drivers/STM32L0xx_HAL_Driver/Src/stm32l0xx_hal_exti.c ****   * @retval HAL Status.
 141:Drivers/STM32L0xx_HAL_Driver/Src/stm32l0xx_hal_exti.c ****   */
 142:Drivers/STM32L0xx_HAL_Driver/Src/stm32l0xx_hal_exti.c **** HAL_StatusTypeDef HAL_EXTI_SetConfigLine(EXTI_HandleTypeDef *hexti, EXTI_ConfigTypeDef *pExtiConfig
 143:Drivers/STM32L0xx_HAL_Driver/Src/stm32l0xx_hal_exti.c **** {
  28              		.loc 1 143 1 view -0
  29              		.cfi_startproc
ARM GAS  /tmp/cc5rnaOi.s 			page 4


  30              		@ args = 0, pretend = 0, frame = 0
  31              		@ frame_needed = 0, uses_anonymous_args = 0
  32              		.loc 1 143 1 is_stmt 0 view .LVU1
  33 0000 70B5     		push	{r4, r5, r6, lr}
  34              	.LCFI0:
  35              		.cfi_def_cfa_offset 16
  36              		.cfi_offset 4, -16
  37              		.cfi_offset 5, -12
  38              		.cfi_offset 6, -8
  39              		.cfi_offset 14, -4
 144:Drivers/STM32L0xx_HAL_Driver/Src/stm32l0xx_hal_exti.c ****   uint32_t regval;
  40              		.loc 1 144 3 is_stmt 1 view .LVU2
 145:Drivers/STM32L0xx_HAL_Driver/Src/stm32l0xx_hal_exti.c ****   uint32_t linepos;
  41              		.loc 1 145 3 view .LVU3
 146:Drivers/STM32L0xx_HAL_Driver/Src/stm32l0xx_hal_exti.c ****   uint32_t maskline;
  42              		.loc 1 146 3 view .LVU4
 147:Drivers/STM32L0xx_HAL_Driver/Src/stm32l0xx_hal_exti.c **** 
 148:Drivers/STM32L0xx_HAL_Driver/Src/stm32l0xx_hal_exti.c ****   /* Check null pointer */
 149:Drivers/STM32L0xx_HAL_Driver/Src/stm32l0xx_hal_exti.c ****   if ((hexti == NULL) || (pExtiConfig == NULL))
  43              		.loc 1 149 3 view .LVU5
  44              		.loc 1 149 6 is_stmt 0 view .LVU6
  45 0002 0028     		cmp	r0, #0
  46 0004 53D0     		beq	.L11
  47              		.loc 1 149 23 discriminator 1 view .LVU7
  48 0006 0029     		cmp	r1, #0
  49 0008 53D0     		beq	.L12
 150:Drivers/STM32L0xx_HAL_Driver/Src/stm32l0xx_hal_exti.c ****   {
 151:Drivers/STM32L0xx_HAL_Driver/Src/stm32l0xx_hal_exti.c ****     return HAL_ERROR;
 152:Drivers/STM32L0xx_HAL_Driver/Src/stm32l0xx_hal_exti.c ****   }
 153:Drivers/STM32L0xx_HAL_Driver/Src/stm32l0xx_hal_exti.c **** 
 154:Drivers/STM32L0xx_HAL_Driver/Src/stm32l0xx_hal_exti.c ****   /* Check parameters */
 155:Drivers/STM32L0xx_HAL_Driver/Src/stm32l0xx_hal_exti.c ****   assert_param(IS_EXTI_LINE(pExtiConfig->Line));
  50              		.loc 1 155 3 is_stmt 1 view .LVU8
 156:Drivers/STM32L0xx_HAL_Driver/Src/stm32l0xx_hal_exti.c ****   assert_param(IS_EXTI_MODE(pExtiConfig->Mode));
  51              		.loc 1 156 3 view .LVU9
 157:Drivers/STM32L0xx_HAL_Driver/Src/stm32l0xx_hal_exti.c **** 
 158:Drivers/STM32L0xx_HAL_Driver/Src/stm32l0xx_hal_exti.c ****   /* Assign line number to handle */
 159:Drivers/STM32L0xx_HAL_Driver/Src/stm32l0xx_hal_exti.c ****   hexti->Line = pExtiConfig->Line;
  52              		.loc 1 159 3 view .LVU10
  53              		.loc 1 159 28 is_stmt 0 view .LVU11
  54 000a 0C68     		ldr	r4, [r1]
  55              		.loc 1 159 15 view .LVU12
  56 000c 0460     		str	r4, [r0]
 160:Drivers/STM32L0xx_HAL_Driver/Src/stm32l0xx_hal_exti.c **** 
 161:Drivers/STM32L0xx_HAL_Driver/Src/stm32l0xx_hal_exti.c ****   /* Compute line mask */
 162:Drivers/STM32L0xx_HAL_Driver/Src/stm32l0xx_hal_exti.c ****   linepos = (pExtiConfig->Line & EXTI_PIN_MASK);
  57              		.loc 1 162 3 is_stmt 1 view .LVU13
  58              		.loc 1 162 11 is_stmt 0 view .LVU14
  59 000e 1F23     		movs	r3, #31
  60 0010 2340     		ands	r3, r4
  61              	.LVL1:
 163:Drivers/STM32L0xx_HAL_Driver/Src/stm32l0xx_hal_exti.c ****   maskline = (1uL << linepos);
  62              		.loc 1 163 3 is_stmt 1 view .LVU15
  63              		.loc 1 163 12 is_stmt 0 view .LVU16
  64 0012 0122     		movs	r2, #1
  65 0014 9A40     		lsls	r2, r2, r3
  66              	.LVL2:
ARM GAS  /tmp/cc5rnaOi.s 			page 5


 164:Drivers/STM32L0xx_HAL_Driver/Src/stm32l0xx_hal_exti.c **** 
 165:Drivers/STM32L0xx_HAL_Driver/Src/stm32l0xx_hal_exti.c ****   /* Configure triggers for configurable lines */
 166:Drivers/STM32L0xx_HAL_Driver/Src/stm32l0xx_hal_exti.c ****   if ((pExtiConfig->Line & EXTI_CONFIG) != 0x00u)
  67              		.loc 1 166 3 is_stmt 1 view .LVU17
  68              		.loc 1 166 6 is_stmt 0 view .LVU18
  69 0016 A001     		lsls	r0, r4, #6
  70 0018 13D5     		bpl	.L3
  71              	.LVL3:
 167:Drivers/STM32L0xx_HAL_Driver/Src/stm32l0xx_hal_exti.c ****   {
 168:Drivers/STM32L0xx_HAL_Driver/Src/stm32l0xx_hal_exti.c ****     assert_param(IS_EXTI_TRIGGER(pExtiConfig->Trigger));
  72              		.loc 1 168 5 is_stmt 1 view .LVU19
 169:Drivers/STM32L0xx_HAL_Driver/Src/stm32l0xx_hal_exti.c **** 
 170:Drivers/STM32L0xx_HAL_Driver/Src/stm32l0xx_hal_exti.c ****     /* Configure rising trigger */
 171:Drivers/STM32L0xx_HAL_Driver/Src/stm32l0xx_hal_exti.c ****     /* Mask or set line */
 172:Drivers/STM32L0xx_HAL_Driver/Src/stm32l0xx_hal_exti.c ****     if ((pExtiConfig->Trigger & EXTI_TRIGGER_RISING) != 0x00u)
  73              		.loc 1 172 5 view .LVU20
  74              		.loc 1 172 21 is_stmt 0 view .LVU21
  75 001a 8868     		ldr	r0, [r1, #8]
  76              		.loc 1 172 8 view .LVU22
  77 001c C007     		lsls	r0, r0, #31
  78 001e 20D5     		bpl	.L4
 173:Drivers/STM32L0xx_HAL_Driver/Src/stm32l0xx_hal_exti.c ****     {
 174:Drivers/STM32L0xx_HAL_Driver/Src/stm32l0xx_hal_exti.c ****       EXTI->RTSR |= maskline;
  79              		.loc 1 174 7 is_stmt 1 view .LVU23
  80              		.loc 1 174 18 is_stmt 0 view .LVU24
  81 0020 254D     		ldr	r5, .L15
  82 0022 A868     		ldr	r0, [r5, #8]
  83 0024 1043     		orrs	r0, r2
  84 0026 A860     		str	r0, [r5, #8]
  85              	.L5:
 175:Drivers/STM32L0xx_HAL_Driver/Src/stm32l0xx_hal_exti.c ****     }
 176:Drivers/STM32L0xx_HAL_Driver/Src/stm32l0xx_hal_exti.c ****     else
 177:Drivers/STM32L0xx_HAL_Driver/Src/stm32l0xx_hal_exti.c ****     {
 178:Drivers/STM32L0xx_HAL_Driver/Src/stm32l0xx_hal_exti.c ****       EXTI->RTSR &= ~maskline;
 179:Drivers/STM32L0xx_HAL_Driver/Src/stm32l0xx_hal_exti.c ****     }
 180:Drivers/STM32L0xx_HAL_Driver/Src/stm32l0xx_hal_exti.c **** 
 181:Drivers/STM32L0xx_HAL_Driver/Src/stm32l0xx_hal_exti.c ****     /* Configure falling trigger */
 182:Drivers/STM32L0xx_HAL_Driver/Src/stm32l0xx_hal_exti.c ****     /* Mask or set line */
 183:Drivers/STM32L0xx_HAL_Driver/Src/stm32l0xx_hal_exti.c ****     if ((pExtiConfig->Trigger & EXTI_TRIGGER_FALLING) != 0x00u)
  86              		.loc 1 183 5 is_stmt 1 view .LVU25
  87              		.loc 1 183 21 is_stmt 0 view .LVU26
  88 0028 8868     		ldr	r0, [r1, #8]
  89              		.loc 1 183 8 view .LVU27
  90 002a 8007     		lsls	r0, r0, #30
  91 002c 1ED5     		bpl	.L6
 184:Drivers/STM32L0xx_HAL_Driver/Src/stm32l0xx_hal_exti.c ****     {
 185:Drivers/STM32L0xx_HAL_Driver/Src/stm32l0xx_hal_exti.c ****       EXTI->FTSR |= maskline;
  92              		.loc 1 185 7 is_stmt 1 view .LVU28
  93              		.loc 1 185 18 is_stmt 0 view .LVU29
  94 002e 224D     		ldr	r5, .L15
  95 0030 E868     		ldr	r0, [r5, #12]
  96 0032 1043     		orrs	r0, r2
  97 0034 E860     		str	r0, [r5, #12]
  98              	.L7:
 186:Drivers/STM32L0xx_HAL_Driver/Src/stm32l0xx_hal_exti.c ****     }
 187:Drivers/STM32L0xx_HAL_Driver/Src/stm32l0xx_hal_exti.c ****     else
 188:Drivers/STM32L0xx_HAL_Driver/Src/stm32l0xx_hal_exti.c ****     {
ARM GAS  /tmp/cc5rnaOi.s 			page 6


 189:Drivers/STM32L0xx_HAL_Driver/Src/stm32l0xx_hal_exti.c ****       EXTI->FTSR &= ~maskline;
 190:Drivers/STM32L0xx_HAL_Driver/Src/stm32l0xx_hal_exti.c ****     }
 191:Drivers/STM32L0xx_HAL_Driver/Src/stm32l0xx_hal_exti.c **** 
 192:Drivers/STM32L0xx_HAL_Driver/Src/stm32l0xx_hal_exti.c **** 
 193:Drivers/STM32L0xx_HAL_Driver/Src/stm32l0xx_hal_exti.c ****     /* Configure gpio port selection in case of gpio exti line */
 194:Drivers/STM32L0xx_HAL_Driver/Src/stm32l0xx_hal_exti.c ****     if ((pExtiConfig->Line & EXTI_GPIO) == EXTI_GPIO)
  99              		.loc 1 194 5 is_stmt 1 view .LVU30
 100              		.loc 1 194 21 is_stmt 0 view .LVU31
 101 0036 0868     		ldr	r0, [r1]
 102              		.loc 1 194 28 view .LVU32
 103 0038 C025     		movs	r5, #192
 104 003a ED04     		lsls	r5, r5, #19
 105 003c 2840     		ands	r0, r5
 106              		.loc 1 194 8 view .LVU33
 107 003e A842     		cmp	r0, r5
 108 0040 19D0     		beq	.L14
 109              	.LVL4:
 110              	.L3:
 195:Drivers/STM32L0xx_HAL_Driver/Src/stm32l0xx_hal_exti.c ****     {
 196:Drivers/STM32L0xx_HAL_Driver/Src/stm32l0xx_hal_exti.c ****       assert_param(IS_EXTI_GPIO_PORT(pExtiConfig->GPIOSel));
 197:Drivers/STM32L0xx_HAL_Driver/Src/stm32l0xx_hal_exti.c ****       assert_param(IS_EXTI_GPIO_PIN(linepos));
 198:Drivers/STM32L0xx_HAL_Driver/Src/stm32l0xx_hal_exti.c **** 
 199:Drivers/STM32L0xx_HAL_Driver/Src/stm32l0xx_hal_exti.c ****       regval = SYSCFG->EXTICR[linepos >> 2u];
 200:Drivers/STM32L0xx_HAL_Driver/Src/stm32l0xx_hal_exti.c ****       regval &= ~(SYSCFG_EXTICR1_EXTI0 << (SYSCFG_EXTICR1_EXTI1_Pos * (linepos & 0x03u)));
 201:Drivers/STM32L0xx_HAL_Driver/Src/stm32l0xx_hal_exti.c ****       regval |= (pExtiConfig->GPIOSel << (SYSCFG_EXTICR1_EXTI1_Pos * (linepos & 0x03u)));
 202:Drivers/STM32L0xx_HAL_Driver/Src/stm32l0xx_hal_exti.c ****       SYSCFG->EXTICR[linepos >> 2u] = regval;
 203:Drivers/STM32L0xx_HAL_Driver/Src/stm32l0xx_hal_exti.c ****     }
 204:Drivers/STM32L0xx_HAL_Driver/Src/stm32l0xx_hal_exti.c ****   }
 205:Drivers/STM32L0xx_HAL_Driver/Src/stm32l0xx_hal_exti.c **** 
 206:Drivers/STM32L0xx_HAL_Driver/Src/stm32l0xx_hal_exti.c ****   /* Configure interrupt mode : read current mode */
 207:Drivers/STM32L0xx_HAL_Driver/Src/stm32l0xx_hal_exti.c ****   /* Mask or set line */
 208:Drivers/STM32L0xx_HAL_Driver/Src/stm32l0xx_hal_exti.c ****   if ((pExtiConfig->Mode & EXTI_MODE_INTERRUPT) != 0x00u)
 111              		.loc 1 208 3 is_stmt 1 view .LVU34
 112              		.loc 1 208 19 is_stmt 0 view .LVU35
 113 0042 4B68     		ldr	r3, [r1, #4]
 114              		.loc 1 208 6 view .LVU36
 115 0044 DB07     		lsls	r3, r3, #31
 116 0046 27D5     		bpl	.L8
 209:Drivers/STM32L0xx_HAL_Driver/Src/stm32l0xx_hal_exti.c ****   {
 210:Drivers/STM32L0xx_HAL_Driver/Src/stm32l0xx_hal_exti.c ****     EXTI->IMR |= maskline;
 117              		.loc 1 210 5 is_stmt 1 view .LVU37
 118              		.loc 1 210 15 is_stmt 0 view .LVU38
 119 0048 1B48     		ldr	r0, .L15
 120 004a 0368     		ldr	r3, [r0]
 121 004c 1343     		orrs	r3, r2
 122 004e 0360     		str	r3, [r0]
 123              	.L9:
 211:Drivers/STM32L0xx_HAL_Driver/Src/stm32l0xx_hal_exti.c ****   }
 212:Drivers/STM32L0xx_HAL_Driver/Src/stm32l0xx_hal_exti.c ****   else
 213:Drivers/STM32L0xx_HAL_Driver/Src/stm32l0xx_hal_exti.c ****   {
 214:Drivers/STM32L0xx_HAL_Driver/Src/stm32l0xx_hal_exti.c ****     EXTI->IMR &= ~maskline;
 215:Drivers/STM32L0xx_HAL_Driver/Src/stm32l0xx_hal_exti.c ****   }
 216:Drivers/STM32L0xx_HAL_Driver/Src/stm32l0xx_hal_exti.c **** 
 217:Drivers/STM32L0xx_HAL_Driver/Src/stm32l0xx_hal_exti.c ****   /* Configure event mode : read current mode */
 218:Drivers/STM32L0xx_HAL_Driver/Src/stm32l0xx_hal_exti.c ****   /* Mask or set line */
 219:Drivers/STM32L0xx_HAL_Driver/Src/stm32l0xx_hal_exti.c ****   if ((pExtiConfig->Mode & EXTI_MODE_EVENT) != 0x00u)
 124              		.loc 1 219 3 is_stmt 1 view .LVU39
ARM GAS  /tmp/cc5rnaOi.s 			page 7


 125              		.loc 1 219 19 is_stmt 0 view .LVU40
 126 0050 4B68     		ldr	r3, [r1, #4]
 127              		.loc 1 219 6 view .LVU41
 128 0052 9B07     		lsls	r3, r3, #30
 129 0054 25D5     		bpl	.L10
 220:Drivers/STM32L0xx_HAL_Driver/Src/stm32l0xx_hal_exti.c ****   {
 221:Drivers/STM32L0xx_HAL_Driver/Src/stm32l0xx_hal_exti.c ****     EXTI->EMR |= maskline;
 130              		.loc 1 221 5 is_stmt 1 view .LVU42
 131              		.loc 1 221 15 is_stmt 0 view .LVU43
 132 0056 1849     		ldr	r1, .L15
 133              	.LVL5:
 134              		.loc 1 221 15 view .LVU44
 135 0058 4B68     		ldr	r3, [r1, #4]
 136 005a 1343     		orrs	r3, r2
 137 005c 4B60     		str	r3, [r1, #4]
 222:Drivers/STM32L0xx_HAL_Driver/Src/stm32l0xx_hal_exti.c ****   }
 223:Drivers/STM32L0xx_HAL_Driver/Src/stm32l0xx_hal_exti.c ****   else
 224:Drivers/STM32L0xx_HAL_Driver/Src/stm32l0xx_hal_exti.c ****   {
 225:Drivers/STM32L0xx_HAL_Driver/Src/stm32l0xx_hal_exti.c ****     EXTI->EMR &= ~maskline;
 226:Drivers/STM32L0xx_HAL_Driver/Src/stm32l0xx_hal_exti.c ****   }
 227:Drivers/STM32L0xx_HAL_Driver/Src/stm32l0xx_hal_exti.c **** 
 228:Drivers/STM32L0xx_HAL_Driver/Src/stm32l0xx_hal_exti.c ****   return HAL_OK;
 138              		.loc 1 228 10 view .LVU45
 139 005e 0020     		movs	r0, #0
 140              	.LVL6:
 141              	.L2:
 229:Drivers/STM32L0xx_HAL_Driver/Src/stm32l0xx_hal_exti.c **** }
 142              		.loc 1 229 1 view .LVU46
 143              		@ sp needed
 144 0060 70BD     		pop	{r4, r5, r6, pc}
 145              	.LVL7:
 146              	.L4:
 178:Drivers/STM32L0xx_HAL_Driver/Src/stm32l0xx_hal_exti.c ****     }
 147              		.loc 1 178 7 is_stmt 1 view .LVU47
 178:Drivers/STM32L0xx_HAL_Driver/Src/stm32l0xx_hal_exti.c ****     }
 148              		.loc 1 178 18 is_stmt 0 view .LVU48
 149 0062 154D     		ldr	r5, .L15
 150 0064 A868     		ldr	r0, [r5, #8]
 151 0066 9043     		bics	r0, r2
 152 0068 A860     		str	r0, [r5, #8]
 153 006a DDE7     		b	.L5
 154              	.L6:
 189:Drivers/STM32L0xx_HAL_Driver/Src/stm32l0xx_hal_exti.c ****     }
 155              		.loc 1 189 7 is_stmt 1 view .LVU49
 189:Drivers/STM32L0xx_HAL_Driver/Src/stm32l0xx_hal_exti.c ****     }
 156              		.loc 1 189 18 is_stmt 0 view .LVU50
 157 006c 124D     		ldr	r5, .L15
 158 006e E868     		ldr	r0, [r5, #12]
 159 0070 9043     		bics	r0, r2
 160 0072 E860     		str	r0, [r5, #12]
 161 0074 DFE7     		b	.L7
 162              	.L14:
 196:Drivers/STM32L0xx_HAL_Driver/Src/stm32l0xx_hal_exti.c ****       assert_param(IS_EXTI_GPIO_PIN(linepos));
 163              		.loc 1 196 7 is_stmt 1 view .LVU51
 197:Drivers/STM32L0xx_HAL_Driver/Src/stm32l0xx_hal_exti.c **** 
 164              		.loc 1 197 7 view .LVU52
 199:Drivers/STM32L0xx_HAL_Driver/Src/stm32l0xx_hal_exti.c ****       regval &= ~(SYSCFG_EXTICR1_EXTI0 << (SYSCFG_EXTICR1_EXTI1_Pos * (linepos & 0x03u)));
ARM GAS  /tmp/cc5rnaOi.s 			page 8


 165              		.loc 1 199 7 view .LVU53
 199:Drivers/STM32L0xx_HAL_Driver/Src/stm32l0xx_hal_exti.c ****       regval &= ~(SYSCFG_EXTICR1_EXTI0 << (SYSCFG_EXTICR1_EXTI1_Pos * (linepos & 0x03u)));
 166              		.loc 1 199 39 is_stmt 0 view .LVU54
 167 0076 9B08     		lsrs	r3, r3, #2
 168              	.LVL8:
 199:Drivers/STM32L0xx_HAL_Driver/Src/stm32l0xx_hal_exti.c ****       regval &= ~(SYSCFG_EXTICR1_EXTI0 << (SYSCFG_EXTICR1_EXTI1_Pos * (linepos & 0x03u)));
 169              		.loc 1 199 14 view .LVU55
 170 0078 104D     		ldr	r5, .L15+4
 171 007a 0233     		adds	r3, r3, #2
 172 007c 9B00     		lsls	r3, r3, #2
 173 007e 5E59     		ldr	r6, [r3, r5]
 174              	.LVL9:
 200:Drivers/STM32L0xx_HAL_Driver/Src/stm32l0xx_hal_exti.c ****       regval |= (pExtiConfig->GPIOSel << (SYSCFG_EXTICR1_EXTI1_Pos * (linepos & 0x03u)));
 175              		.loc 1 200 7 is_stmt 1 view .LVU56
 200:Drivers/STM32L0xx_HAL_Driver/Src/stm32l0xx_hal_exti.c ****       regval |= (pExtiConfig->GPIOSel << (SYSCFG_EXTICR1_EXTI1_Pos * (linepos & 0x03u)));
 176              		.loc 1 200 80 is_stmt 0 view .LVU57
 177 0080 0320     		movs	r0, #3
 178 0082 2040     		ands	r0, r4
 200:Drivers/STM32L0xx_HAL_Driver/Src/stm32l0xx_hal_exti.c ****       regval |= (pExtiConfig->GPIOSel << (SYSCFG_EXTICR1_EXTI1_Pos * (linepos & 0x03u)));
 179              		.loc 1 200 69 view .LVU58
 180 0084 8000     		lsls	r0, r0, #2
 200:Drivers/STM32L0xx_HAL_Driver/Src/stm32l0xx_hal_exti.c ****       regval |= (pExtiConfig->GPIOSel << (SYSCFG_EXTICR1_EXTI1_Pos * (linepos & 0x03u)));
 181              		.loc 1 200 40 view .LVU59
 182 0086 0F24     		movs	r4, #15
 183              	.LVL10:
 200:Drivers/STM32L0xx_HAL_Driver/Src/stm32l0xx_hal_exti.c ****       regval |= (pExtiConfig->GPIOSel << (SYSCFG_EXTICR1_EXTI1_Pos * (linepos & 0x03u)));
 184              		.loc 1 200 40 view .LVU60
 185 0088 8440     		lsls	r4, r4, r0
 200:Drivers/STM32L0xx_HAL_Driver/Src/stm32l0xx_hal_exti.c ****       regval |= (pExtiConfig->GPIOSel << (SYSCFG_EXTICR1_EXTI1_Pos * (linepos & 0x03u)));
 186              		.loc 1 200 14 view .LVU61
 187 008a A643     		bics	r6, r4
 188              	.LVL11:
 201:Drivers/STM32L0xx_HAL_Driver/Src/stm32l0xx_hal_exti.c ****       SYSCFG->EXTICR[linepos >> 2u] = regval;
 189              		.loc 1 201 7 is_stmt 1 view .LVU62
 201:Drivers/STM32L0xx_HAL_Driver/Src/stm32l0xx_hal_exti.c ****       SYSCFG->EXTICR[linepos >> 2u] = regval;
 190              		.loc 1 201 29 is_stmt 0 view .LVU63
 191 008c CC68     		ldr	r4, [r1, #12]
 201:Drivers/STM32L0xx_HAL_Driver/Src/stm32l0xx_hal_exti.c ****       SYSCFG->EXTICR[linepos >> 2u] = regval;
 192              		.loc 1 201 39 view .LVU64
 193 008e 8440     		lsls	r4, r4, r0
 194 0090 2000     		movs	r0, r4
 201:Drivers/STM32L0xx_HAL_Driver/Src/stm32l0xx_hal_exti.c ****       SYSCFG->EXTICR[linepos >> 2u] = regval;
 195              		.loc 1 201 14 view .LVU65
 196 0092 3043     		orrs	r0, r6
 197              	.LVL12:
 202:Drivers/STM32L0xx_HAL_Driver/Src/stm32l0xx_hal_exti.c ****     }
 198              		.loc 1 202 7 is_stmt 1 view .LVU66
 202:Drivers/STM32L0xx_HAL_Driver/Src/stm32l0xx_hal_exti.c ****     }
 199              		.loc 1 202 37 is_stmt 0 view .LVU67
 200 0094 5851     		str	r0, [r3, r5]
 201 0096 D4E7     		b	.L3
 202              	.LVL13:
 203              	.L8:
 214:Drivers/STM32L0xx_HAL_Driver/Src/stm32l0xx_hal_exti.c ****   }
 204              		.loc 1 214 5 is_stmt 1 view .LVU68
 214:Drivers/STM32L0xx_HAL_Driver/Src/stm32l0xx_hal_exti.c ****   }
 205              		.loc 1 214 15 is_stmt 0 view .LVU69
ARM GAS  /tmp/cc5rnaOi.s 			page 9


 206 0098 0748     		ldr	r0, .L15
 207 009a 0368     		ldr	r3, [r0]
 208 009c 9343     		bics	r3, r2
 209 009e 0360     		str	r3, [r0]
 210 00a0 D6E7     		b	.L9
 211              	.L10:
 225:Drivers/STM32L0xx_HAL_Driver/Src/stm32l0xx_hal_exti.c ****   }
 212              		.loc 1 225 5 is_stmt 1 view .LVU70
 225:Drivers/STM32L0xx_HAL_Driver/Src/stm32l0xx_hal_exti.c ****   }
 213              		.loc 1 225 15 is_stmt 0 view .LVU71
 214 00a2 0549     		ldr	r1, .L15
 215              	.LVL14:
 225:Drivers/STM32L0xx_HAL_Driver/Src/stm32l0xx_hal_exti.c ****   }
 216              		.loc 1 225 15 view .LVU72
 217 00a4 4B68     		ldr	r3, [r1, #4]
 218 00a6 9343     		bics	r3, r2
 219 00a8 4B60     		str	r3, [r1, #4]
 228:Drivers/STM32L0xx_HAL_Driver/Src/stm32l0xx_hal_exti.c **** }
 220              		.loc 1 228 10 view .LVU73
 221 00aa 0020     		movs	r0, #0
 222 00ac D8E7     		b	.L2
 223              	.LVL15:
 224              	.L11:
 151:Drivers/STM32L0xx_HAL_Driver/Src/stm32l0xx_hal_exti.c ****   }
 225              		.loc 1 151 12 view .LVU74
 226 00ae 0120     		movs	r0, #1
 227              	.LVL16:
 151:Drivers/STM32L0xx_HAL_Driver/Src/stm32l0xx_hal_exti.c ****   }
 228              		.loc 1 151 12 view .LVU75
 229 00b0 D6E7     		b	.L2
 230              	.LVL17:
 231              	.L12:
 151:Drivers/STM32L0xx_HAL_Driver/Src/stm32l0xx_hal_exti.c ****   }
 232              		.loc 1 151 12 view .LVU76
 233 00b2 0120     		movs	r0, #1
 234              	.LVL18:
 151:Drivers/STM32L0xx_HAL_Driver/Src/stm32l0xx_hal_exti.c ****   }
 235              		.loc 1 151 12 view .LVU77
 236 00b4 D4E7     		b	.L2
 237              	.L16:
 238 00b6 C046     		.align	2
 239              	.L15:
 240 00b8 00040140 		.word	1073808384
 241 00bc 00000140 		.word	1073807360
 242              		.cfi_endproc
 243              	.LFE47:
 245              		.section	.text.HAL_EXTI_GetConfigLine,"ax",%progbits
 246              		.align	1
 247              		.global	HAL_EXTI_GetConfigLine
 248              		.syntax unified
 249              		.code	16
 250              		.thumb_func
 252              	HAL_EXTI_GetConfigLine:
 253              	.LVL19:
 254              	.LFB48:
 230:Drivers/STM32L0xx_HAL_Driver/Src/stm32l0xx_hal_exti.c **** 
 231:Drivers/STM32L0xx_HAL_Driver/Src/stm32l0xx_hal_exti.c **** /**
ARM GAS  /tmp/cc5rnaOi.s 			page 10


 232:Drivers/STM32L0xx_HAL_Driver/Src/stm32l0xx_hal_exti.c ****   * @brief  Get configuration of a dedicated Exti line.
 233:Drivers/STM32L0xx_HAL_Driver/Src/stm32l0xx_hal_exti.c ****   * @param  hexti Exti handle.
 234:Drivers/STM32L0xx_HAL_Driver/Src/stm32l0xx_hal_exti.c ****   * @param  pExtiConfig Pointer on structure to store Exti configuration.
 235:Drivers/STM32L0xx_HAL_Driver/Src/stm32l0xx_hal_exti.c ****   * @retval HAL Status.
 236:Drivers/STM32L0xx_HAL_Driver/Src/stm32l0xx_hal_exti.c ****   */
 237:Drivers/STM32L0xx_HAL_Driver/Src/stm32l0xx_hal_exti.c **** HAL_StatusTypeDef HAL_EXTI_GetConfigLine(EXTI_HandleTypeDef *hexti, EXTI_ConfigTypeDef *pExtiConfig
 238:Drivers/STM32L0xx_HAL_Driver/Src/stm32l0xx_hal_exti.c **** {
 255              		.loc 1 238 1 is_stmt 1 view -0
 256              		.cfi_startproc
 257              		@ args = 0, pretend = 0, frame = 0
 258              		@ frame_needed = 0, uses_anonymous_args = 0
 259              		.loc 1 238 1 is_stmt 0 view .LVU79
 260 0000 30B5     		push	{r4, r5, lr}
 261              	.LCFI1:
 262              		.cfi_def_cfa_offset 12
 263              		.cfi_offset 4, -12
 264              		.cfi_offset 5, -8
 265              		.cfi_offset 14, -4
 239:Drivers/STM32L0xx_HAL_Driver/Src/stm32l0xx_hal_exti.c ****   uint32_t regval;
 266              		.loc 1 239 3 is_stmt 1 view .LVU80
 240:Drivers/STM32L0xx_HAL_Driver/Src/stm32l0xx_hal_exti.c ****   uint32_t linepos;
 267              		.loc 1 240 3 view .LVU81
 241:Drivers/STM32L0xx_HAL_Driver/Src/stm32l0xx_hal_exti.c ****   uint32_t maskline;
 268              		.loc 1 241 3 view .LVU82
 242:Drivers/STM32L0xx_HAL_Driver/Src/stm32l0xx_hal_exti.c **** 
 243:Drivers/STM32L0xx_HAL_Driver/Src/stm32l0xx_hal_exti.c ****   /* Check null pointer */
 244:Drivers/STM32L0xx_HAL_Driver/Src/stm32l0xx_hal_exti.c ****   if ((hexti == NULL) || (pExtiConfig == NULL))
 269              		.loc 1 244 3 view .LVU83
 270              		.loc 1 244 6 is_stmt 0 view .LVU84
 271 0002 0028     		cmp	r0, #0
 272 0004 41D0     		beq	.L24
 273              		.loc 1 244 23 discriminator 1 view .LVU85
 274 0006 0029     		cmp	r1, #0
 275 0008 41D0     		beq	.L25
 245:Drivers/STM32L0xx_HAL_Driver/Src/stm32l0xx_hal_exti.c ****   {
 246:Drivers/STM32L0xx_HAL_Driver/Src/stm32l0xx_hal_exti.c ****     return HAL_ERROR;
 247:Drivers/STM32L0xx_HAL_Driver/Src/stm32l0xx_hal_exti.c ****   }
 248:Drivers/STM32L0xx_HAL_Driver/Src/stm32l0xx_hal_exti.c **** 
 249:Drivers/STM32L0xx_HAL_Driver/Src/stm32l0xx_hal_exti.c ****   /* Check the parameter */
 250:Drivers/STM32L0xx_HAL_Driver/Src/stm32l0xx_hal_exti.c ****   assert_param(IS_EXTI_LINE(hexti->Line));
 276              		.loc 1 250 3 is_stmt 1 view .LVU86
 251:Drivers/STM32L0xx_HAL_Driver/Src/stm32l0xx_hal_exti.c **** 
 252:Drivers/STM32L0xx_HAL_Driver/Src/stm32l0xx_hal_exti.c ****   /* Store handle line number to configuration structure */
 253:Drivers/STM32L0xx_HAL_Driver/Src/stm32l0xx_hal_exti.c ****   pExtiConfig->Line = hexti->Line;
 277              		.loc 1 253 3 view .LVU87
 278              		.loc 1 253 28 is_stmt 0 view .LVU88
 279 000a 0268     		ldr	r2, [r0]
 280              		.loc 1 253 21 view .LVU89
 281 000c 0A60     		str	r2, [r1]
 254:Drivers/STM32L0xx_HAL_Driver/Src/stm32l0xx_hal_exti.c **** 
 255:Drivers/STM32L0xx_HAL_Driver/Src/stm32l0xx_hal_exti.c ****   /* Compute line mask */
 256:Drivers/STM32L0xx_HAL_Driver/Src/stm32l0xx_hal_exti.c ****   linepos = (pExtiConfig->Line & EXTI_PIN_MASK);
 282              		.loc 1 256 3 is_stmt 1 view .LVU90
 283              		.loc 1 256 11 is_stmt 0 view .LVU91
 284 000e 1F24     		movs	r4, #31
 285 0010 1440     		ands	r4, r2
 286              	.LVL20:
ARM GAS  /tmp/cc5rnaOi.s 			page 11


 257:Drivers/STM32L0xx_HAL_Driver/Src/stm32l0xx_hal_exti.c ****   maskline = (1uL << linepos);
 287              		.loc 1 257 3 is_stmt 1 view .LVU92
 288              		.loc 1 257 12 is_stmt 0 view .LVU93
 289 0012 0123     		movs	r3, #1
 290 0014 A340     		lsls	r3, r3, r4
 291              	.LVL21:
 258:Drivers/STM32L0xx_HAL_Driver/Src/stm32l0xx_hal_exti.c **** 
 259:Drivers/STM32L0xx_HAL_Driver/Src/stm32l0xx_hal_exti.c ****   /* 1] Get core mode : interrupt */
 260:Drivers/STM32L0xx_HAL_Driver/Src/stm32l0xx_hal_exti.c **** 
 261:Drivers/STM32L0xx_HAL_Driver/Src/stm32l0xx_hal_exti.c ****   /* Check if selected line is enable */
 262:Drivers/STM32L0xx_HAL_Driver/Src/stm32l0xx_hal_exti.c ****   if ((EXTI->IMR & maskline) != 0x00u)
 292              		.loc 1 262 3 is_stmt 1 view .LVU94
 293              		.loc 1 262 12 is_stmt 0 view .LVU95
 294 0016 2048     		ldr	r0, .L29
 295              	.LVL22:
 296              		.loc 1 262 12 view .LVU96
 297 0018 0068     		ldr	r0, [r0]
 298              		.loc 1 262 6 view .LVU97
 299 001a 0342     		tst	r3, r0
 300 001c 24D0     		beq	.L19
 263:Drivers/STM32L0xx_HAL_Driver/Src/stm32l0xx_hal_exti.c ****   {
 264:Drivers/STM32L0xx_HAL_Driver/Src/stm32l0xx_hal_exti.c ****     pExtiConfig->Mode = EXTI_MODE_INTERRUPT;
 301              		.loc 1 264 5 is_stmt 1 view .LVU98
 302              		.loc 1 264 23 is_stmt 0 view .LVU99
 303 001e 0120     		movs	r0, #1
 304 0020 4860     		str	r0, [r1, #4]
 305              	.L20:
 265:Drivers/STM32L0xx_HAL_Driver/Src/stm32l0xx_hal_exti.c ****   }
 266:Drivers/STM32L0xx_HAL_Driver/Src/stm32l0xx_hal_exti.c ****   else
 267:Drivers/STM32L0xx_HAL_Driver/Src/stm32l0xx_hal_exti.c ****   {
 268:Drivers/STM32L0xx_HAL_Driver/Src/stm32l0xx_hal_exti.c ****     pExtiConfig->Mode = EXTI_MODE_NONE;
 269:Drivers/STM32L0xx_HAL_Driver/Src/stm32l0xx_hal_exti.c ****   }
 270:Drivers/STM32L0xx_HAL_Driver/Src/stm32l0xx_hal_exti.c **** 
 271:Drivers/STM32L0xx_HAL_Driver/Src/stm32l0xx_hal_exti.c ****   /* Get event mode */
 272:Drivers/STM32L0xx_HAL_Driver/Src/stm32l0xx_hal_exti.c ****   /* Check if selected line is enable */
 273:Drivers/STM32L0xx_HAL_Driver/Src/stm32l0xx_hal_exti.c ****   if ((EXTI->EMR & maskline) != 0x00u)
 306              		.loc 1 273 3 is_stmt 1 view .LVU100
 307              		.loc 1 273 12 is_stmt 0 view .LVU101
 308 0022 1D48     		ldr	r0, .L29
 309 0024 4068     		ldr	r0, [r0, #4]
 310              		.loc 1 273 6 view .LVU102
 311 0026 0342     		tst	r3, r0
 312 0028 03D0     		beq	.L21
 274:Drivers/STM32L0xx_HAL_Driver/Src/stm32l0xx_hal_exti.c ****   {
 275:Drivers/STM32L0xx_HAL_Driver/Src/stm32l0xx_hal_exti.c ****     pExtiConfig->Mode |= EXTI_MODE_EVENT;
 313              		.loc 1 275 5 is_stmt 1 view .LVU103
 314              		.loc 1 275 23 is_stmt 0 view .LVU104
 315 002a 4868     		ldr	r0, [r1, #4]
 316 002c 0225     		movs	r5, #2
 317 002e 2843     		orrs	r0, r5
 318 0030 4860     		str	r0, [r1, #4]
 319              	.L21:
 276:Drivers/STM32L0xx_HAL_Driver/Src/stm32l0xx_hal_exti.c ****   }
 277:Drivers/STM32L0xx_HAL_Driver/Src/stm32l0xx_hal_exti.c **** 
 278:Drivers/STM32L0xx_HAL_Driver/Src/stm32l0xx_hal_exti.c ****   /* Get default Trigger and GPIOSel configuration */
 279:Drivers/STM32L0xx_HAL_Driver/Src/stm32l0xx_hal_exti.c ****   pExtiConfig->Trigger = EXTI_TRIGGER_NONE;
 320              		.loc 1 279 3 is_stmt 1 view .LVU105
ARM GAS  /tmp/cc5rnaOi.s 			page 12


 321              		.loc 1 279 24 is_stmt 0 view .LVU106
 322 0032 0020     		movs	r0, #0
 323 0034 8860     		str	r0, [r1, #8]
 280:Drivers/STM32L0xx_HAL_Driver/Src/stm32l0xx_hal_exti.c ****   pExtiConfig->GPIOSel = 0x00u;
 324              		.loc 1 280 3 is_stmt 1 view .LVU107
 325              		.loc 1 280 24 is_stmt 0 view .LVU108
 326 0036 C860     		str	r0, [r1, #12]
 281:Drivers/STM32L0xx_HAL_Driver/Src/stm32l0xx_hal_exti.c **** 
 282:Drivers/STM32L0xx_HAL_Driver/Src/stm32l0xx_hal_exti.c ****   /* 2] Get trigger for configurable lines : rising */
 283:Drivers/STM32L0xx_HAL_Driver/Src/stm32l0xx_hal_exti.c ****   if ((pExtiConfig->Line & EXTI_CONFIG) != 0x00u)
 327              		.loc 1 283 3 is_stmt 1 view .LVU109
 328              		.loc 1 283 6 is_stmt 0 view .LVU110
 329 0038 9001     		lsls	r0, r2, #6
 330 003a 2AD5     		bpl	.L26
 284:Drivers/STM32L0xx_HAL_Driver/Src/stm32l0xx_hal_exti.c ****   {
 285:Drivers/STM32L0xx_HAL_Driver/Src/stm32l0xx_hal_exti.c ****     /* Check if configuration of selected line is enable */
 286:Drivers/STM32L0xx_HAL_Driver/Src/stm32l0xx_hal_exti.c ****     if ((EXTI->RTSR & maskline) != 0x00u)
 331              		.loc 1 286 5 is_stmt 1 view .LVU111
 332              		.loc 1 286 14 is_stmt 0 view .LVU112
 333 003c 1648     		ldr	r0, .L29
 334 003e 8068     		ldr	r0, [r0, #8]
 335              		.loc 1 286 8 view .LVU113
 336 0040 0342     		tst	r3, r0
 337 0042 01D0     		beq	.L22
 287:Drivers/STM32L0xx_HAL_Driver/Src/stm32l0xx_hal_exti.c ****     {
 288:Drivers/STM32L0xx_HAL_Driver/Src/stm32l0xx_hal_exti.c ****       pExtiConfig->Trigger = EXTI_TRIGGER_RISING;
 338              		.loc 1 288 7 is_stmt 1 view .LVU114
 339              		.loc 1 288 28 is_stmt 0 view .LVU115
 340 0044 0120     		movs	r0, #1
 341 0046 8860     		str	r0, [r1, #8]
 342              	.L22:
 289:Drivers/STM32L0xx_HAL_Driver/Src/stm32l0xx_hal_exti.c ****     }
 290:Drivers/STM32L0xx_HAL_Driver/Src/stm32l0xx_hal_exti.c **** 
 291:Drivers/STM32L0xx_HAL_Driver/Src/stm32l0xx_hal_exti.c ****     /* Get falling configuration */
 292:Drivers/STM32L0xx_HAL_Driver/Src/stm32l0xx_hal_exti.c ****     /* Check if configuration of selected line is enable */
 293:Drivers/STM32L0xx_HAL_Driver/Src/stm32l0xx_hal_exti.c ****     if ((EXTI->FTSR & maskline) != 0x00u)
 343              		.loc 1 293 5 is_stmt 1 view .LVU116
 344              		.loc 1 293 14 is_stmt 0 view .LVU117
 345 0048 1348     		ldr	r0, .L29
 346 004a C068     		ldr	r0, [r0, #12]
 347              		.loc 1 293 8 view .LVU118
 348 004c 0342     		tst	r3, r0
 349 004e 03D0     		beq	.L23
 294:Drivers/STM32L0xx_HAL_Driver/Src/stm32l0xx_hal_exti.c ****     {
 295:Drivers/STM32L0xx_HAL_Driver/Src/stm32l0xx_hal_exti.c ****       pExtiConfig->Trigger |= EXTI_TRIGGER_FALLING;
 350              		.loc 1 295 7 is_stmt 1 view .LVU119
 351              		.loc 1 295 28 is_stmt 0 view .LVU120
 352 0050 8B68     		ldr	r3, [r1, #8]
 353              	.LVL23:
 354              		.loc 1 295 28 view .LVU121
 355 0052 0220     		movs	r0, #2
 356 0054 0343     		orrs	r3, r0
 357 0056 8B60     		str	r3, [r1, #8]
 358              	.L23:
 296:Drivers/STM32L0xx_HAL_Driver/Src/stm32l0xx_hal_exti.c ****     }
 297:Drivers/STM32L0xx_HAL_Driver/Src/stm32l0xx_hal_exti.c **** 
 298:Drivers/STM32L0xx_HAL_Driver/Src/stm32l0xx_hal_exti.c ****     /* Get Gpio port selection for gpio lines */
ARM GAS  /tmp/cc5rnaOi.s 			page 13


 299:Drivers/STM32L0xx_HAL_Driver/Src/stm32l0xx_hal_exti.c ****     if ((pExtiConfig->Line & EXTI_GPIO) == EXTI_GPIO)
 359              		.loc 1 299 5 is_stmt 1 view .LVU122
 360              		.loc 1 299 28 is_stmt 0 view .LVU123
 361 0058 C023     		movs	r3, #192
 362 005a DB04     		lsls	r3, r3, #19
 363 005c 1000     		movs	r0, r2
 364 005e 1840     		ands	r0, r3
 365              		.loc 1 299 8 view .LVU124
 366 0060 9842     		cmp	r0, r3
 367 0062 04D0     		beq	.L28
 300:Drivers/STM32L0xx_HAL_Driver/Src/stm32l0xx_hal_exti.c ****     {
 301:Drivers/STM32L0xx_HAL_Driver/Src/stm32l0xx_hal_exti.c ****       assert_param(IS_EXTI_GPIO_PIN(linepos));
 302:Drivers/STM32L0xx_HAL_Driver/Src/stm32l0xx_hal_exti.c **** 
 303:Drivers/STM32L0xx_HAL_Driver/Src/stm32l0xx_hal_exti.c ****       regval = SYSCFG->EXTICR[linepos >> 2u];
 304:Drivers/STM32L0xx_HAL_Driver/Src/stm32l0xx_hal_exti.c ****       pExtiConfig->GPIOSel = (regval >> (SYSCFG_EXTICR1_EXTI1_Pos * (linepos & 0x03u))) & SYSCFG_EX
 305:Drivers/STM32L0xx_HAL_Driver/Src/stm32l0xx_hal_exti.c ****     }
 306:Drivers/STM32L0xx_HAL_Driver/Src/stm32l0xx_hal_exti.c ****   }
 307:Drivers/STM32L0xx_HAL_Driver/Src/stm32l0xx_hal_exti.c **** 
 308:Drivers/STM32L0xx_HAL_Driver/Src/stm32l0xx_hal_exti.c ****   return HAL_OK;
 368              		.loc 1 308 10 view .LVU125
 369 0064 0020     		movs	r0, #0
 370 0066 15E0     		b	.L18
 371              	.LVL24:
 372              	.L19:
 268:Drivers/STM32L0xx_HAL_Driver/Src/stm32l0xx_hal_exti.c ****   }
 373              		.loc 1 268 5 is_stmt 1 view .LVU126
 268:Drivers/STM32L0xx_HAL_Driver/Src/stm32l0xx_hal_exti.c ****   }
 374              		.loc 1 268 23 is_stmt 0 view .LVU127
 375 0068 0020     		movs	r0, #0
 376 006a 4860     		str	r0, [r1, #4]
 377 006c D9E7     		b	.L20
 378              	.LVL25:
 379              	.L28:
 301:Drivers/STM32L0xx_HAL_Driver/Src/stm32l0xx_hal_exti.c **** 
 380              		.loc 1 301 7 is_stmt 1 view .LVU128
 303:Drivers/STM32L0xx_HAL_Driver/Src/stm32l0xx_hal_exti.c ****       pExtiConfig->GPIOSel = (regval >> (SYSCFG_EXTICR1_EXTI1_Pos * (linepos & 0x03u))) & SYSCFG_EX
 381              		.loc 1 303 7 view .LVU129
 303:Drivers/STM32L0xx_HAL_Driver/Src/stm32l0xx_hal_exti.c ****       pExtiConfig->GPIOSel = (regval >> (SYSCFG_EXTICR1_EXTI1_Pos * (linepos & 0x03u))) & SYSCFG_EX
 382              		.loc 1 303 39 is_stmt 0 view .LVU130
 383 006e A308     		lsrs	r3, r4, #2
 303:Drivers/STM32L0xx_HAL_Driver/Src/stm32l0xx_hal_exti.c ****       pExtiConfig->GPIOSel = (regval >> (SYSCFG_EXTICR1_EXTI1_Pos * (linepos & 0x03u))) & SYSCFG_EX
 384              		.loc 1 303 14 view .LVU131
 385 0070 0233     		adds	r3, r3, #2
 386 0072 9B00     		lsls	r3, r3, #2
 387 0074 0948     		ldr	r0, .L29+4
 388 0076 1858     		ldr	r0, [r3, r0]
 389              	.LVL26:
 304:Drivers/STM32L0xx_HAL_Driver/Src/stm32l0xx_hal_exti.c ****     }
 390              		.loc 1 304 7 is_stmt 1 view .LVU132
 304:Drivers/STM32L0xx_HAL_Driver/Src/stm32l0xx_hal_exti.c ****     }
 391              		.loc 1 304 78 is_stmt 0 view .LVU133
 392 0078 0323     		movs	r3, #3
 393 007a 1340     		ands	r3, r2
 304:Drivers/STM32L0xx_HAL_Driver/Src/stm32l0xx_hal_exti.c ****     }
 394              		.loc 1 304 67 view .LVU134
 395 007c 9B00     		lsls	r3, r3, #2
 304:Drivers/STM32L0xx_HAL_Driver/Src/stm32l0xx_hal_exti.c ****     }
ARM GAS  /tmp/cc5rnaOi.s 			page 14


 396              		.loc 1 304 38 view .LVU135
 397 007e D840     		lsrs	r0, r0, r3
 398              	.LVL27:
 304:Drivers/STM32L0xx_HAL_Driver/Src/stm32l0xx_hal_exti.c ****     }
 399              		.loc 1 304 89 view .LVU136
 400 0080 0F23     		movs	r3, #15
 401 0082 0340     		ands	r3, r0
 304:Drivers/STM32L0xx_HAL_Driver/Src/stm32l0xx_hal_exti.c ****     }
 402              		.loc 1 304 28 view .LVU137
 403 0084 CB60     		str	r3, [r1, #12]
 404              		.loc 1 308 10 view .LVU138
 405 0086 0020     		movs	r0, #0
 406 0088 04E0     		b	.L18
 407              	.LVL28:
 408              	.L24:
 246:Drivers/STM32L0xx_HAL_Driver/Src/stm32l0xx_hal_exti.c ****   }
 409              		.loc 1 246 12 view .LVU139
 410 008a 0120     		movs	r0, #1
 411              	.LVL29:
 246:Drivers/STM32L0xx_HAL_Driver/Src/stm32l0xx_hal_exti.c ****   }
 412              		.loc 1 246 12 view .LVU140
 413 008c 02E0     		b	.L18
 414              	.LVL30:
 415              	.L25:
 246:Drivers/STM32L0xx_HAL_Driver/Src/stm32l0xx_hal_exti.c ****   }
 416              		.loc 1 246 12 view .LVU141
 417 008e 0120     		movs	r0, #1
 418              	.LVL31:
 246:Drivers/STM32L0xx_HAL_Driver/Src/stm32l0xx_hal_exti.c ****   }
 419              		.loc 1 246 12 view .LVU142
 420 0090 00E0     		b	.L18
 421              	.LVL32:
 422              	.L26:
 423              		.loc 1 308 10 view .LVU143
 424 0092 0020     		movs	r0, #0
 425              	.LVL33:
 426              	.L18:
 309:Drivers/STM32L0xx_HAL_Driver/Src/stm32l0xx_hal_exti.c **** }
 427              		.loc 1 309 1 view .LVU144
 428              		@ sp needed
 429 0094 30BD     		pop	{r4, r5, pc}
 430              	.L30:
 431 0096 C046     		.align	2
 432              	.L29:
 433 0098 00040140 		.word	1073808384
 434 009c 00000140 		.word	1073807360
 435              		.cfi_endproc
 436              	.LFE48:
 438              		.section	.text.HAL_EXTI_ClearConfigLine,"ax",%progbits
 439              		.align	1
 440              		.global	HAL_EXTI_ClearConfigLine
 441              		.syntax unified
 442              		.code	16
 443              		.thumb_func
 445              	HAL_EXTI_ClearConfigLine:
 446              	.LVL34:
 447              	.LFB49:
ARM GAS  /tmp/cc5rnaOi.s 			page 15


 310:Drivers/STM32L0xx_HAL_Driver/Src/stm32l0xx_hal_exti.c **** 
 311:Drivers/STM32L0xx_HAL_Driver/Src/stm32l0xx_hal_exti.c **** /**
 312:Drivers/STM32L0xx_HAL_Driver/Src/stm32l0xx_hal_exti.c ****   * @brief  Clear whole configuration of a dedicated Exti line.
 313:Drivers/STM32L0xx_HAL_Driver/Src/stm32l0xx_hal_exti.c ****   * @param  hexti Exti handle.
 314:Drivers/STM32L0xx_HAL_Driver/Src/stm32l0xx_hal_exti.c ****   * @retval HAL Status.
 315:Drivers/STM32L0xx_HAL_Driver/Src/stm32l0xx_hal_exti.c ****   */
 316:Drivers/STM32L0xx_HAL_Driver/Src/stm32l0xx_hal_exti.c **** HAL_StatusTypeDef HAL_EXTI_ClearConfigLine(EXTI_HandleTypeDef *hexti)
 317:Drivers/STM32L0xx_HAL_Driver/Src/stm32l0xx_hal_exti.c **** {
 448              		.loc 1 317 1 is_stmt 1 view -0
 449              		.cfi_startproc
 450              		@ args = 0, pretend = 0, frame = 0
 451              		@ frame_needed = 0, uses_anonymous_args = 0
 452              		.loc 1 317 1 is_stmt 0 view .LVU146
 453 0000 70B5     		push	{r4, r5, r6, lr}
 454              	.LCFI2:
 455              		.cfi_def_cfa_offset 16
 456              		.cfi_offset 4, -16
 457              		.cfi_offset 5, -12
 458              		.cfi_offset 6, -8
 459              		.cfi_offset 14, -4
 318:Drivers/STM32L0xx_HAL_Driver/Src/stm32l0xx_hal_exti.c ****   uint32_t regval;
 460              		.loc 1 318 3 is_stmt 1 view .LVU147
 319:Drivers/STM32L0xx_HAL_Driver/Src/stm32l0xx_hal_exti.c ****   uint32_t linepos;
 461              		.loc 1 319 3 view .LVU148
 320:Drivers/STM32L0xx_HAL_Driver/Src/stm32l0xx_hal_exti.c ****   uint32_t maskline;
 462              		.loc 1 320 3 view .LVU149
 321:Drivers/STM32L0xx_HAL_Driver/Src/stm32l0xx_hal_exti.c **** 
 322:Drivers/STM32L0xx_HAL_Driver/Src/stm32l0xx_hal_exti.c ****   /* Check null pointer */
 323:Drivers/STM32L0xx_HAL_Driver/Src/stm32l0xx_hal_exti.c ****   if (hexti == NULL)
 463              		.loc 1 323 3 view .LVU150
 464              		.loc 1 323 6 is_stmt 0 view .LVU151
 465 0002 0028     		cmp	r0, #0
 466 0004 2CD0     		beq	.L33
 324:Drivers/STM32L0xx_HAL_Driver/Src/stm32l0xx_hal_exti.c ****   {
 325:Drivers/STM32L0xx_HAL_Driver/Src/stm32l0xx_hal_exti.c ****     return HAL_ERROR;
 326:Drivers/STM32L0xx_HAL_Driver/Src/stm32l0xx_hal_exti.c ****   }
 327:Drivers/STM32L0xx_HAL_Driver/Src/stm32l0xx_hal_exti.c **** 
 328:Drivers/STM32L0xx_HAL_Driver/Src/stm32l0xx_hal_exti.c ****   /* Check the parameter */
 329:Drivers/STM32L0xx_HAL_Driver/Src/stm32l0xx_hal_exti.c ****   assert_param(IS_EXTI_LINE(hexti->Line));
 467              		.loc 1 329 3 is_stmt 1 view .LVU152
 330:Drivers/STM32L0xx_HAL_Driver/Src/stm32l0xx_hal_exti.c **** 
 331:Drivers/STM32L0xx_HAL_Driver/Src/stm32l0xx_hal_exti.c ****   /* compute line mask */
 332:Drivers/STM32L0xx_HAL_Driver/Src/stm32l0xx_hal_exti.c ****   linepos = (hexti->Line & EXTI_PIN_MASK);
 468              		.loc 1 332 3 view .LVU153
 469              		.loc 1 332 19 is_stmt 0 view .LVU154
 470 0006 0568     		ldr	r5, [r0]
 471              		.loc 1 332 11 view .LVU155
 472 0008 1F22     		movs	r2, #31
 473 000a 2A40     		ands	r2, r5
 474              	.LVL35:
 333:Drivers/STM32L0xx_HAL_Driver/Src/stm32l0xx_hal_exti.c ****   maskline = (1uL << linepos);
 475              		.loc 1 333 3 is_stmt 1 view .LVU156
 476              		.loc 1 333 12 is_stmt 0 view .LVU157
 477 000c 0123     		movs	r3, #1
 478 000e 9340     		lsls	r3, r3, r2
 479              	.LVL36:
 334:Drivers/STM32L0xx_HAL_Driver/Src/stm32l0xx_hal_exti.c **** 
ARM GAS  /tmp/cc5rnaOi.s 			page 16


 335:Drivers/STM32L0xx_HAL_Driver/Src/stm32l0xx_hal_exti.c ****   /* 1] Clear interrupt mode */
 336:Drivers/STM32L0xx_HAL_Driver/Src/stm32l0xx_hal_exti.c ****   EXTI->IMR = (EXTI->IMR & ~maskline);
 480              		.loc 1 336 3 is_stmt 1 view .LVU158
 481              		.loc 1 336 20 is_stmt 0 view .LVU159
 482 0010 1549     		ldr	r1, .L37
 483 0012 0C68     		ldr	r4, [r1]
 484              		.loc 1 336 28 view .LVU160
 485 0014 DE43     		mvns	r6, r3
 486              		.loc 1 336 26 view .LVU161
 487 0016 9C43     		bics	r4, r3
 488              		.loc 1 336 13 view .LVU162
 489 0018 0C60     		str	r4, [r1]
 337:Drivers/STM32L0xx_HAL_Driver/Src/stm32l0xx_hal_exti.c **** 
 338:Drivers/STM32L0xx_HAL_Driver/Src/stm32l0xx_hal_exti.c ****   /* 2] Clear event mode */
 339:Drivers/STM32L0xx_HAL_Driver/Src/stm32l0xx_hal_exti.c ****   EXTI->EMR = (EXTI->EMR & ~maskline);
 490              		.loc 1 339 3 is_stmt 1 view .LVU163
 491              		.loc 1 339 20 is_stmt 0 view .LVU164
 492 001a 4C68     		ldr	r4, [r1, #4]
 493              		.loc 1 339 26 view .LVU165
 494 001c 9C43     		bics	r4, r3
 495              		.loc 1 339 13 view .LVU166
 496 001e 4C60     		str	r4, [r1, #4]
 340:Drivers/STM32L0xx_HAL_Driver/Src/stm32l0xx_hal_exti.c **** 
 341:Drivers/STM32L0xx_HAL_Driver/Src/stm32l0xx_hal_exti.c ****   /* 3] Clear triggers in case of configurable lines */
 342:Drivers/STM32L0xx_HAL_Driver/Src/stm32l0xx_hal_exti.c ****   if ((hexti->Line & EXTI_CONFIG) != 0x00u)
 497              		.loc 1 342 3 is_stmt 1 view .LVU167
 498              		.loc 1 342 13 is_stmt 0 view .LVU168
 499 0020 0368     		ldr	r3, [r0]
 500              	.LVL37:
 501              		.loc 1 342 6 view .LVU169
 502 0022 9B01     		lsls	r3, r3, #6
 503 0024 1ED5     		bpl	.L34
 343:Drivers/STM32L0xx_HAL_Driver/Src/stm32l0xx_hal_exti.c ****   {
 344:Drivers/STM32L0xx_HAL_Driver/Src/stm32l0xx_hal_exti.c ****     EXTI->RTSR = (EXTI->RTSR & ~maskline);
 504              		.loc 1 344 5 is_stmt 1 view .LVU170
 505              		.loc 1 344 23 is_stmt 0 view .LVU171
 506 0026 0B00     		movs	r3, r1
 507 0028 8968     		ldr	r1, [r1, #8]
 508              		.loc 1 344 30 view .LVU172
 509 002a 3140     		ands	r1, r6
 510              		.loc 1 344 16 view .LVU173
 511 002c 9960     		str	r1, [r3, #8]
 345:Drivers/STM32L0xx_HAL_Driver/Src/stm32l0xx_hal_exti.c ****     EXTI->FTSR = (EXTI->FTSR & ~maskline);
 512              		.loc 1 345 5 is_stmt 1 view .LVU174
 513              		.loc 1 345 23 is_stmt 0 view .LVU175
 514 002e D968     		ldr	r1, [r3, #12]
 515              		.loc 1 345 30 view .LVU176
 516 0030 3140     		ands	r1, r6
 517              		.loc 1 345 16 view .LVU177
 518 0032 D960     		str	r1, [r3, #12]
 346:Drivers/STM32L0xx_HAL_Driver/Src/stm32l0xx_hal_exti.c **** 
 347:Drivers/STM32L0xx_HAL_Driver/Src/stm32l0xx_hal_exti.c ****     /* Get Gpio port selection for gpio lines */
 348:Drivers/STM32L0xx_HAL_Driver/Src/stm32l0xx_hal_exti.c ****     if ((hexti->Line & EXTI_GPIO) == EXTI_GPIO)
 519              		.loc 1 348 5 is_stmt 1 view .LVU178
 520              		.loc 1 348 15 is_stmt 0 view .LVU179
 521 0034 0368     		ldr	r3, [r0]
 522              		.loc 1 348 22 view .LVU180
ARM GAS  /tmp/cc5rnaOi.s 			page 17


 523 0036 C021     		movs	r1, #192
 524 0038 C904     		lsls	r1, r1, #19
 525 003a 0B40     		ands	r3, r1
 526              		.loc 1 348 8 view .LVU181
 527 003c 8B42     		cmp	r3, r1
 528 003e 01D0     		beq	.L36
 349:Drivers/STM32L0xx_HAL_Driver/Src/stm32l0xx_hal_exti.c ****     {
 350:Drivers/STM32L0xx_HAL_Driver/Src/stm32l0xx_hal_exti.c ****       assert_param(IS_EXTI_GPIO_PIN(linepos));
 351:Drivers/STM32L0xx_HAL_Driver/Src/stm32l0xx_hal_exti.c **** 
 352:Drivers/STM32L0xx_HAL_Driver/Src/stm32l0xx_hal_exti.c ****       regval = SYSCFG->EXTICR[linepos >> 2u];
 353:Drivers/STM32L0xx_HAL_Driver/Src/stm32l0xx_hal_exti.c ****       regval &= ~(SYSCFG_EXTICR1_EXTI0 << (SYSCFG_EXTICR1_EXTI1_Pos * (linepos & 0x03u)));
 354:Drivers/STM32L0xx_HAL_Driver/Src/stm32l0xx_hal_exti.c ****       SYSCFG->EXTICR[linepos >> 2u] = regval;
 355:Drivers/STM32L0xx_HAL_Driver/Src/stm32l0xx_hal_exti.c ****     }
 356:Drivers/STM32L0xx_HAL_Driver/Src/stm32l0xx_hal_exti.c ****   }
 357:Drivers/STM32L0xx_HAL_Driver/Src/stm32l0xx_hal_exti.c **** 
 358:Drivers/STM32L0xx_HAL_Driver/Src/stm32l0xx_hal_exti.c ****   return HAL_OK;
 529              		.loc 1 358 10 view .LVU182
 530 0040 0020     		movs	r0, #0
 531              	.LVL38:
 532              		.loc 1 358 10 view .LVU183
 533 0042 10E0     		b	.L32
 534              	.LVL39:
 535              	.L36:
 350:Drivers/STM32L0xx_HAL_Driver/Src/stm32l0xx_hal_exti.c **** 
 536              		.loc 1 350 7 is_stmt 1 view .LVU184
 352:Drivers/STM32L0xx_HAL_Driver/Src/stm32l0xx_hal_exti.c ****       regval &= ~(SYSCFG_EXTICR1_EXTI0 << (SYSCFG_EXTICR1_EXTI1_Pos * (linepos & 0x03u)));
 537              		.loc 1 352 7 view .LVU185
 352:Drivers/STM32L0xx_HAL_Driver/Src/stm32l0xx_hal_exti.c ****       regval &= ~(SYSCFG_EXTICR1_EXTI0 << (SYSCFG_EXTICR1_EXTI1_Pos * (linepos & 0x03u)));
 538              		.loc 1 352 39 is_stmt 0 view .LVU186
 539 0044 9208     		lsrs	r2, r2, #2
 540              	.LVL40:
 352:Drivers/STM32L0xx_HAL_Driver/Src/stm32l0xx_hal_exti.c ****       regval &= ~(SYSCFG_EXTICR1_EXTI0 << (SYSCFG_EXTICR1_EXTI1_Pos * (linepos & 0x03u)));
 541              		.loc 1 352 14 view .LVU187
 542 0046 094C     		ldr	r4, .L37+4
 543 0048 0232     		adds	r2, r2, #2
 544 004a 9200     		lsls	r2, r2, #2
 545 004c 1159     		ldr	r1, [r2, r4]
 546              	.LVL41:
 353:Drivers/STM32L0xx_HAL_Driver/Src/stm32l0xx_hal_exti.c ****       SYSCFG->EXTICR[linepos >> 2u] = regval;
 547              		.loc 1 353 7 is_stmt 1 view .LVU188
 353:Drivers/STM32L0xx_HAL_Driver/Src/stm32l0xx_hal_exti.c ****       SYSCFG->EXTICR[linepos >> 2u] = regval;
 548              		.loc 1 353 80 is_stmt 0 view .LVU189
 549 004e 0323     		movs	r3, #3
 550 0050 2B40     		ands	r3, r5
 353:Drivers/STM32L0xx_HAL_Driver/Src/stm32l0xx_hal_exti.c ****       SYSCFG->EXTICR[linepos >> 2u] = regval;
 551              		.loc 1 353 69 view .LVU190
 552 0052 9B00     		lsls	r3, r3, #2
 353:Drivers/STM32L0xx_HAL_Driver/Src/stm32l0xx_hal_exti.c ****       SYSCFG->EXTICR[linepos >> 2u] = regval;
 553              		.loc 1 353 40 view .LVU191
 554 0054 0F20     		movs	r0, #15
 555              	.LVL42:
 353:Drivers/STM32L0xx_HAL_Driver/Src/stm32l0xx_hal_exti.c ****       SYSCFG->EXTICR[linepos >> 2u] = regval;
 556              		.loc 1 353 40 view .LVU192
 557 0056 9840     		lsls	r0, r0, r3
 353:Drivers/STM32L0xx_HAL_Driver/Src/stm32l0xx_hal_exti.c ****       SYSCFG->EXTICR[linepos >> 2u] = regval;
 558              		.loc 1 353 14 view .LVU193
 559 0058 8143     		bics	r1, r0
ARM GAS  /tmp/cc5rnaOi.s 			page 18


 560              	.LVL43:
 354:Drivers/STM32L0xx_HAL_Driver/Src/stm32l0xx_hal_exti.c ****     }
 561              		.loc 1 354 7 is_stmt 1 view .LVU194
 354:Drivers/STM32L0xx_HAL_Driver/Src/stm32l0xx_hal_exti.c ****     }
 562              		.loc 1 354 37 is_stmt 0 view .LVU195
 563 005a 1151     		str	r1, [r2, r4]
 564              		.loc 1 358 10 view .LVU196
 565 005c 0020     		movs	r0, #0
 566 005e 02E0     		b	.L32
 567              	.LVL44:
 568              	.L33:
 325:Drivers/STM32L0xx_HAL_Driver/Src/stm32l0xx_hal_exti.c ****   }
 569              		.loc 1 325 12 view .LVU197
 570 0060 0120     		movs	r0, #1
 571              	.LVL45:
 325:Drivers/STM32L0xx_HAL_Driver/Src/stm32l0xx_hal_exti.c ****   }
 572              		.loc 1 325 12 view .LVU198
 573 0062 00E0     		b	.L32
 574              	.LVL46:
 575              	.L34:
 576              		.loc 1 358 10 view .LVU199
 577 0064 0020     		movs	r0, #0
 578              	.LVL47:
 579              	.L32:
 359:Drivers/STM32L0xx_HAL_Driver/Src/stm32l0xx_hal_exti.c **** }
 580              		.loc 1 359 1 view .LVU200
 581              		@ sp needed
 582 0066 70BD     		pop	{r4, r5, r6, pc}
 583              	.L38:
 584              		.align	2
 585              	.L37:
 586 0068 00040140 		.word	1073808384
 587 006c 00000140 		.word	1073807360
 588              		.cfi_endproc
 589              	.LFE49:
 591              		.section	.text.HAL_EXTI_RegisterCallback,"ax",%progbits
 592              		.align	1
 593              		.global	HAL_EXTI_RegisterCallback
 594              		.syntax unified
 595              		.code	16
 596              		.thumb_func
 598              	HAL_EXTI_RegisterCallback:
 599              	.LVL48:
 600              	.LFB50:
 360:Drivers/STM32L0xx_HAL_Driver/Src/stm32l0xx_hal_exti.c **** 
 361:Drivers/STM32L0xx_HAL_Driver/Src/stm32l0xx_hal_exti.c **** /**
 362:Drivers/STM32L0xx_HAL_Driver/Src/stm32l0xx_hal_exti.c ****   * @brief  Register callback for a dedicated Exti line.
 363:Drivers/STM32L0xx_HAL_Driver/Src/stm32l0xx_hal_exti.c ****   * @param  hexti Exti handle.
 364:Drivers/STM32L0xx_HAL_Driver/Src/stm32l0xx_hal_exti.c ****   * @param  CallbackID User callback identifier.
 365:Drivers/STM32L0xx_HAL_Driver/Src/stm32l0xx_hal_exti.c ****   *         This parameter can be one of @arg @ref EXTI_CallbackIDTypeDef values.
 366:Drivers/STM32L0xx_HAL_Driver/Src/stm32l0xx_hal_exti.c ****   * @param  pPendingCbfn function pointer to be stored as callback.
 367:Drivers/STM32L0xx_HAL_Driver/Src/stm32l0xx_hal_exti.c ****   * @retval HAL Status.
 368:Drivers/STM32L0xx_HAL_Driver/Src/stm32l0xx_hal_exti.c ****   */
 369:Drivers/STM32L0xx_HAL_Driver/Src/stm32l0xx_hal_exti.c **** HAL_StatusTypeDef HAL_EXTI_RegisterCallback(EXTI_HandleTypeDef *hexti, EXTI_CallbackIDTypeDef Callb
 370:Drivers/STM32L0xx_HAL_Driver/Src/stm32l0xx_hal_exti.c **** {
 601              		.loc 1 370 1 is_stmt 1 view -0
 602              		.cfi_startproc
ARM GAS  /tmp/cc5rnaOi.s 			page 19


 603              		@ args = 0, pretend = 0, frame = 0
 604              		@ frame_needed = 0, uses_anonymous_args = 0
 605              		@ link register save eliminated.
 371:Drivers/STM32L0xx_HAL_Driver/Src/stm32l0xx_hal_exti.c ****   HAL_StatusTypeDef status = HAL_OK;
 606              		.loc 1 371 3 view .LVU202
 372:Drivers/STM32L0xx_HAL_Driver/Src/stm32l0xx_hal_exti.c **** 
 373:Drivers/STM32L0xx_HAL_Driver/Src/stm32l0xx_hal_exti.c ****   switch (CallbackID)
 607              		.loc 1 373 3 view .LVU203
 608 0000 0029     		cmp	r1, #0
 609 0002 02D1     		bne	.L41
 374:Drivers/STM32L0xx_HAL_Driver/Src/stm32l0xx_hal_exti.c ****   {
 375:Drivers/STM32L0xx_HAL_Driver/Src/stm32l0xx_hal_exti.c ****     case  HAL_EXTI_COMMON_CB_ID:
 376:Drivers/STM32L0xx_HAL_Driver/Src/stm32l0xx_hal_exti.c ****       hexti->PendingCallback = pPendingCbfn;
 610              		.loc 1 376 7 view .LVU204
 611              		.loc 1 376 30 is_stmt 0 view .LVU205
 612 0004 4260     		str	r2, [r0, #4]
 377:Drivers/STM32L0xx_HAL_Driver/Src/stm32l0xx_hal_exti.c ****       break;
 613              		.loc 1 377 7 is_stmt 1 view .LVU206
 371:Drivers/STM32L0xx_HAL_Driver/Src/stm32l0xx_hal_exti.c **** 
 614              		.loc 1 371 21 is_stmt 0 view .LVU207
 615 0006 0800     		movs	r0, r1
 616              	.LVL49:
 617              	.L40:
 378:Drivers/STM32L0xx_HAL_Driver/Src/stm32l0xx_hal_exti.c **** 
 379:Drivers/STM32L0xx_HAL_Driver/Src/stm32l0xx_hal_exti.c ****     default:
 380:Drivers/STM32L0xx_HAL_Driver/Src/stm32l0xx_hal_exti.c ****       status = HAL_ERROR;
 381:Drivers/STM32L0xx_HAL_Driver/Src/stm32l0xx_hal_exti.c ****       break;
 382:Drivers/STM32L0xx_HAL_Driver/Src/stm32l0xx_hal_exti.c ****   }
 383:Drivers/STM32L0xx_HAL_Driver/Src/stm32l0xx_hal_exti.c **** 
 384:Drivers/STM32L0xx_HAL_Driver/Src/stm32l0xx_hal_exti.c ****   return status;
 618              		.loc 1 384 3 is_stmt 1 view .LVU208
 385:Drivers/STM32L0xx_HAL_Driver/Src/stm32l0xx_hal_exti.c **** }
 619              		.loc 1 385 1 is_stmt 0 view .LVU209
 620              		@ sp needed
 621 0008 7047     		bx	lr
 622              	.LVL50:
 623              	.L41:
 380:Drivers/STM32L0xx_HAL_Driver/Src/stm32l0xx_hal_exti.c ****       break;
 624              		.loc 1 380 14 view .LVU210
 625 000a 0120     		movs	r0, #1
 626              	.LVL51:
 380:Drivers/STM32L0xx_HAL_Driver/Src/stm32l0xx_hal_exti.c ****       break;
 627              		.loc 1 380 14 view .LVU211
 628 000c FCE7     		b	.L40
 629              		.cfi_endproc
 630              	.LFE50:
 632              		.section	.text.HAL_EXTI_GetHandle,"ax",%progbits
 633              		.align	1
 634              		.global	HAL_EXTI_GetHandle
 635              		.syntax unified
 636              		.code	16
 637              		.thumb_func
 639              	HAL_EXTI_GetHandle:
 640              	.LVL52:
 641              	.LFB51:
 386:Drivers/STM32L0xx_HAL_Driver/Src/stm32l0xx_hal_exti.c **** 
 387:Drivers/STM32L0xx_HAL_Driver/Src/stm32l0xx_hal_exti.c **** /**
ARM GAS  /tmp/cc5rnaOi.s 			page 20


 388:Drivers/STM32L0xx_HAL_Driver/Src/stm32l0xx_hal_exti.c ****   * @brief  Store line number as handle private field.
 389:Drivers/STM32L0xx_HAL_Driver/Src/stm32l0xx_hal_exti.c ****   * @param  hexti Exti handle.
 390:Drivers/STM32L0xx_HAL_Driver/Src/stm32l0xx_hal_exti.c ****   * @param  ExtiLine Exti line number.
 391:Drivers/STM32L0xx_HAL_Driver/Src/stm32l0xx_hal_exti.c ****   *         This parameter can be from 0 to @ref EXTI_LINE_NB.
 392:Drivers/STM32L0xx_HAL_Driver/Src/stm32l0xx_hal_exti.c ****   * @retval HAL Status.
 393:Drivers/STM32L0xx_HAL_Driver/Src/stm32l0xx_hal_exti.c ****   */
 394:Drivers/STM32L0xx_HAL_Driver/Src/stm32l0xx_hal_exti.c **** HAL_StatusTypeDef HAL_EXTI_GetHandle(EXTI_HandleTypeDef *hexti, uint32_t ExtiLine)
 395:Drivers/STM32L0xx_HAL_Driver/Src/stm32l0xx_hal_exti.c **** {
 642              		.loc 1 395 1 is_stmt 1 view -0
 643              		.cfi_startproc
 644              		@ args = 0, pretend = 0, frame = 0
 645              		@ frame_needed = 0, uses_anonymous_args = 0
 646              		@ link register save eliminated.
 396:Drivers/STM32L0xx_HAL_Driver/Src/stm32l0xx_hal_exti.c ****   /* Check the parameters */
 397:Drivers/STM32L0xx_HAL_Driver/Src/stm32l0xx_hal_exti.c ****   assert_param(IS_EXTI_LINE(ExtiLine));
 647              		.loc 1 397 3 view .LVU213
 398:Drivers/STM32L0xx_HAL_Driver/Src/stm32l0xx_hal_exti.c **** 
 399:Drivers/STM32L0xx_HAL_Driver/Src/stm32l0xx_hal_exti.c ****   /* Check null pointer */
 400:Drivers/STM32L0xx_HAL_Driver/Src/stm32l0xx_hal_exti.c ****   if (hexti == NULL)
 648              		.loc 1 400 3 view .LVU214
 649              		.loc 1 400 6 is_stmt 0 view .LVU215
 650 0000 0028     		cmp	r0, #0
 651 0002 02D0     		beq	.L44
 401:Drivers/STM32L0xx_HAL_Driver/Src/stm32l0xx_hal_exti.c ****   {
 402:Drivers/STM32L0xx_HAL_Driver/Src/stm32l0xx_hal_exti.c ****     return HAL_ERROR;
 403:Drivers/STM32L0xx_HAL_Driver/Src/stm32l0xx_hal_exti.c ****   }
 404:Drivers/STM32L0xx_HAL_Driver/Src/stm32l0xx_hal_exti.c ****   else
 405:Drivers/STM32L0xx_HAL_Driver/Src/stm32l0xx_hal_exti.c ****   {
 406:Drivers/STM32L0xx_HAL_Driver/Src/stm32l0xx_hal_exti.c ****     /* Store line number as handle private field */
 407:Drivers/STM32L0xx_HAL_Driver/Src/stm32l0xx_hal_exti.c ****     hexti->Line = ExtiLine;
 652              		.loc 1 407 5 is_stmt 1 view .LVU216
 653              		.loc 1 407 17 is_stmt 0 view .LVU217
 654 0004 0160     		str	r1, [r0]
 408:Drivers/STM32L0xx_HAL_Driver/Src/stm32l0xx_hal_exti.c **** 
 409:Drivers/STM32L0xx_HAL_Driver/Src/stm32l0xx_hal_exti.c ****     return HAL_OK;
 655              		.loc 1 409 5 is_stmt 1 view .LVU218
 656              		.loc 1 409 12 is_stmt 0 view .LVU219
 657 0006 0020     		movs	r0, #0
 658              	.LVL53:
 659              	.L43:
 410:Drivers/STM32L0xx_HAL_Driver/Src/stm32l0xx_hal_exti.c ****   }
 411:Drivers/STM32L0xx_HAL_Driver/Src/stm32l0xx_hal_exti.c **** }
 660              		.loc 1 411 1 view .LVU220
 661              		@ sp needed
 662 0008 7047     		bx	lr
 663              	.LVL54:
 664              	.L44:
 402:Drivers/STM32L0xx_HAL_Driver/Src/stm32l0xx_hal_exti.c ****   }
 665              		.loc 1 402 12 view .LVU221
 666 000a 0120     		movs	r0, #1
 667              	.LVL55:
 402:Drivers/STM32L0xx_HAL_Driver/Src/stm32l0xx_hal_exti.c ****   }
 668              		.loc 1 402 12 view .LVU222
 669 000c FCE7     		b	.L43
 670              		.cfi_endproc
 671              	.LFE51:
 673              		.section	.text.HAL_EXTI_IRQHandler,"ax",%progbits
ARM GAS  /tmp/cc5rnaOi.s 			page 21


 674              		.align	1
 675              		.global	HAL_EXTI_IRQHandler
 676              		.syntax unified
 677              		.code	16
 678              		.thumb_func
 680              	HAL_EXTI_IRQHandler:
 681              	.LVL56:
 682              	.LFB52:
 412:Drivers/STM32L0xx_HAL_Driver/Src/stm32l0xx_hal_exti.c **** 
 413:Drivers/STM32L0xx_HAL_Driver/Src/stm32l0xx_hal_exti.c **** /**
 414:Drivers/STM32L0xx_HAL_Driver/Src/stm32l0xx_hal_exti.c ****   * @}
 415:Drivers/STM32L0xx_HAL_Driver/Src/stm32l0xx_hal_exti.c ****   */
 416:Drivers/STM32L0xx_HAL_Driver/Src/stm32l0xx_hal_exti.c **** 
 417:Drivers/STM32L0xx_HAL_Driver/Src/stm32l0xx_hal_exti.c **** /** @addtogroup EXTI_Exported_Functions_Group2
 418:Drivers/STM32L0xx_HAL_Driver/Src/stm32l0xx_hal_exti.c ****   *  @brief EXTI IO functions.
 419:Drivers/STM32L0xx_HAL_Driver/Src/stm32l0xx_hal_exti.c ****   *
 420:Drivers/STM32L0xx_HAL_Driver/Src/stm32l0xx_hal_exti.c **** @verbatim
 421:Drivers/STM32L0xx_HAL_Driver/Src/stm32l0xx_hal_exti.c ****  ===============================================================================
 422:Drivers/STM32L0xx_HAL_Driver/Src/stm32l0xx_hal_exti.c ****                        ##### IO operation functions #####
 423:Drivers/STM32L0xx_HAL_Driver/Src/stm32l0xx_hal_exti.c ****  ===============================================================================
 424:Drivers/STM32L0xx_HAL_Driver/Src/stm32l0xx_hal_exti.c **** 
 425:Drivers/STM32L0xx_HAL_Driver/Src/stm32l0xx_hal_exti.c **** @endverbatim
 426:Drivers/STM32L0xx_HAL_Driver/Src/stm32l0xx_hal_exti.c ****   * @{
 427:Drivers/STM32L0xx_HAL_Driver/Src/stm32l0xx_hal_exti.c ****   */
 428:Drivers/STM32L0xx_HAL_Driver/Src/stm32l0xx_hal_exti.c **** 
 429:Drivers/STM32L0xx_HAL_Driver/Src/stm32l0xx_hal_exti.c **** /**
 430:Drivers/STM32L0xx_HAL_Driver/Src/stm32l0xx_hal_exti.c ****   * @brief  Handle EXTI interrupt request.
 431:Drivers/STM32L0xx_HAL_Driver/Src/stm32l0xx_hal_exti.c ****   * @param  hexti Exti handle.
 432:Drivers/STM32L0xx_HAL_Driver/Src/stm32l0xx_hal_exti.c ****   * @retval none.
 433:Drivers/STM32L0xx_HAL_Driver/Src/stm32l0xx_hal_exti.c ****   */
 434:Drivers/STM32L0xx_HAL_Driver/Src/stm32l0xx_hal_exti.c **** void HAL_EXTI_IRQHandler(EXTI_HandleTypeDef *hexti)
 435:Drivers/STM32L0xx_HAL_Driver/Src/stm32l0xx_hal_exti.c **** {
 683              		.loc 1 435 1 is_stmt 1 view -0
 684              		.cfi_startproc
 685              		@ args = 0, pretend = 0, frame = 0
 686              		@ frame_needed = 0, uses_anonymous_args = 0
 687              		.loc 1 435 1 is_stmt 0 view .LVU224
 688 0000 10B5     		push	{r4, lr}
 689              	.LCFI3:
 690              		.cfi_def_cfa_offset 8
 691              		.cfi_offset 4, -8
 692              		.cfi_offset 14, -4
 436:Drivers/STM32L0xx_HAL_Driver/Src/stm32l0xx_hal_exti.c ****   uint32_t regval;
 693              		.loc 1 436 3 is_stmt 1 view .LVU225
 437:Drivers/STM32L0xx_HAL_Driver/Src/stm32l0xx_hal_exti.c ****   uint32_t maskline;
 694              		.loc 1 437 3 view .LVU226
 438:Drivers/STM32L0xx_HAL_Driver/Src/stm32l0xx_hal_exti.c **** 
 439:Drivers/STM32L0xx_HAL_Driver/Src/stm32l0xx_hal_exti.c ****   /* Compute line mask */
 440:Drivers/STM32L0xx_HAL_Driver/Src/stm32l0xx_hal_exti.c ****   maskline = (1uL << (hexti->Line & EXTI_PIN_MASK));
 695              		.loc 1 440 3 view .LVU227
 696              		.loc 1 440 28 is_stmt 0 view .LVU228
 697 0002 0368     		ldr	r3, [r0]
 698              		.loc 1 440 35 view .LVU229
 699 0004 1F22     		movs	r2, #31
 700 0006 1A40     		ands	r2, r3
 701              		.loc 1 440 12 view .LVU230
 702 0008 0123     		movs	r3, #1
ARM GAS  /tmp/cc5rnaOi.s 			page 22


 703 000a 9340     		lsls	r3, r3, r2
 704              	.LVL57:
 441:Drivers/STM32L0xx_HAL_Driver/Src/stm32l0xx_hal_exti.c **** 
 442:Drivers/STM32L0xx_HAL_Driver/Src/stm32l0xx_hal_exti.c ****   /* Get pending bit  */
 443:Drivers/STM32L0xx_HAL_Driver/Src/stm32l0xx_hal_exti.c ****   regval = (EXTI->PR & maskline);
 705              		.loc 1 443 3 is_stmt 1 view .LVU231
 706              		.loc 1 443 17 is_stmt 0 view .LVU232
 707 000c 054A     		ldr	r2, .L47
 708 000e 5269     		ldr	r2, [r2, #20]
 709              	.LVL58:
 444:Drivers/STM32L0xx_HAL_Driver/Src/stm32l0xx_hal_exti.c ****   if (regval != 0x00u)
 710              		.loc 1 444 3 is_stmt 1 view .LVU233
 711              		.loc 1 444 6 is_stmt 0 view .LVU234
 712 0010 1342     		tst	r3, r2
 713 0012 05D0     		beq	.L45
 445:Drivers/STM32L0xx_HAL_Driver/Src/stm32l0xx_hal_exti.c ****   {
 446:Drivers/STM32L0xx_HAL_Driver/Src/stm32l0xx_hal_exti.c ****     /* Clear pending bit */
 447:Drivers/STM32L0xx_HAL_Driver/Src/stm32l0xx_hal_exti.c ****     EXTI->PR = maskline;
 714              		.loc 1 447 5 is_stmt 1 view .LVU235
 715              		.loc 1 447 14 is_stmt 0 view .LVU236
 716 0014 034A     		ldr	r2, .L47
 717              	.LVL59:
 718              		.loc 1 447 14 view .LVU237
 719 0016 5361     		str	r3, [r2, #20]
 448:Drivers/STM32L0xx_HAL_Driver/Src/stm32l0xx_hal_exti.c **** 
 449:Drivers/STM32L0xx_HAL_Driver/Src/stm32l0xx_hal_exti.c ****     /* Call callback */
 450:Drivers/STM32L0xx_HAL_Driver/Src/stm32l0xx_hal_exti.c ****     if (hexti->PendingCallback != NULL)
 720              		.loc 1 450 5 is_stmt 1 view .LVU238
 721              		.loc 1 450 14 is_stmt 0 view .LVU239
 722 0018 4368     		ldr	r3, [r0, #4]
 723              	.LVL60:
 724              		.loc 1 450 8 view .LVU240
 725 001a 002B     		cmp	r3, #0
 726 001c 00D0     		beq	.L45
 451:Drivers/STM32L0xx_HAL_Driver/Src/stm32l0xx_hal_exti.c ****     {
 452:Drivers/STM32L0xx_HAL_Driver/Src/stm32l0xx_hal_exti.c ****       hexti->PendingCallback();
 727              		.loc 1 452 7 is_stmt 1 view .LVU241
 728 001e 9847     		blx	r3
 729              	.LVL61:
 730              	.L45:
 453:Drivers/STM32L0xx_HAL_Driver/Src/stm32l0xx_hal_exti.c ****     }
 454:Drivers/STM32L0xx_HAL_Driver/Src/stm32l0xx_hal_exti.c ****   }
 455:Drivers/STM32L0xx_HAL_Driver/Src/stm32l0xx_hal_exti.c **** }
 731              		.loc 1 455 1 is_stmt 0 view .LVU242
 732              		@ sp needed
 733 0020 10BD     		pop	{r4, pc}
 734              	.L48:
 735 0022 C046     		.align	2
 736              	.L47:
 737 0024 00040140 		.word	1073808384
 738              		.cfi_endproc
 739              	.LFE52:
 741              		.section	.text.HAL_EXTI_GetPending,"ax",%progbits
 742              		.align	1
 743              		.global	HAL_EXTI_GetPending
 744              		.syntax unified
 745              		.code	16
ARM GAS  /tmp/cc5rnaOi.s 			page 23


 746              		.thumb_func
 748              	HAL_EXTI_GetPending:
 749              	.LVL62:
 750              	.LFB53:
 456:Drivers/STM32L0xx_HAL_Driver/Src/stm32l0xx_hal_exti.c **** 
 457:Drivers/STM32L0xx_HAL_Driver/Src/stm32l0xx_hal_exti.c **** /**
 458:Drivers/STM32L0xx_HAL_Driver/Src/stm32l0xx_hal_exti.c ****   * @brief  Get interrupt pending bit of a dedicated line.
 459:Drivers/STM32L0xx_HAL_Driver/Src/stm32l0xx_hal_exti.c ****   * @param  hexti Exti handle.
 460:Drivers/STM32L0xx_HAL_Driver/Src/stm32l0xx_hal_exti.c ****   * @param  Edge Specify which pending edge as to be checked.
 461:Drivers/STM32L0xx_HAL_Driver/Src/stm32l0xx_hal_exti.c ****   *         This parameter can be one of the following values:
 462:Drivers/STM32L0xx_HAL_Driver/Src/stm32l0xx_hal_exti.c ****   *           @arg @ref EXTI_TRIGGER_RISING_FALLING
 463:Drivers/STM32L0xx_HAL_Driver/Src/stm32l0xx_hal_exti.c ****   *         This parameter is kept for compatibility with other series.
 464:Drivers/STM32L0xx_HAL_Driver/Src/stm32l0xx_hal_exti.c ****   * @retval 1 if interrupt is pending else 0.
 465:Drivers/STM32L0xx_HAL_Driver/Src/stm32l0xx_hal_exti.c ****   */
 466:Drivers/STM32L0xx_HAL_Driver/Src/stm32l0xx_hal_exti.c **** uint32_t HAL_EXTI_GetPending(EXTI_HandleTypeDef *hexti, uint32_t Edge)
 467:Drivers/STM32L0xx_HAL_Driver/Src/stm32l0xx_hal_exti.c **** {
 751              		.loc 1 467 1 is_stmt 1 view -0
 752              		.cfi_startproc
 753              		@ args = 0, pretend = 0, frame = 0
 754              		@ frame_needed = 0, uses_anonymous_args = 0
 755              		@ link register save eliminated.
 468:Drivers/STM32L0xx_HAL_Driver/Src/stm32l0xx_hal_exti.c ****   uint32_t regval;
 756              		.loc 1 468 3 view .LVU244
 469:Drivers/STM32L0xx_HAL_Driver/Src/stm32l0xx_hal_exti.c ****   uint32_t linepos;
 757              		.loc 1 469 3 view .LVU245
 470:Drivers/STM32L0xx_HAL_Driver/Src/stm32l0xx_hal_exti.c ****   uint32_t maskline;
 758              		.loc 1 470 3 view .LVU246
 471:Drivers/STM32L0xx_HAL_Driver/Src/stm32l0xx_hal_exti.c **** 
 472:Drivers/STM32L0xx_HAL_Driver/Src/stm32l0xx_hal_exti.c ****   /* Check parameters */
 473:Drivers/STM32L0xx_HAL_Driver/Src/stm32l0xx_hal_exti.c ****   assert_param(IS_EXTI_LINE(hexti->Line));
 759              		.loc 1 473 3 view .LVU247
 474:Drivers/STM32L0xx_HAL_Driver/Src/stm32l0xx_hal_exti.c ****   assert_param(IS_EXTI_CONFIG_LINE(hexti->Line));
 760              		.loc 1 474 3 view .LVU248
 475:Drivers/STM32L0xx_HAL_Driver/Src/stm32l0xx_hal_exti.c ****   assert_param(IS_EXTI_PENDING_EDGE(Edge));
 761              		.loc 1 475 3 view .LVU249
 476:Drivers/STM32L0xx_HAL_Driver/Src/stm32l0xx_hal_exti.c **** 
 477:Drivers/STM32L0xx_HAL_Driver/Src/stm32l0xx_hal_exti.c ****   /* Compute line mask */
 478:Drivers/STM32L0xx_HAL_Driver/Src/stm32l0xx_hal_exti.c ****   linepos = (hexti->Line & EXTI_PIN_MASK);
 762              		.loc 1 478 3 view .LVU250
 763              		.loc 1 478 19 is_stmt 0 view .LVU251
 764 0000 0268     		ldr	r2, [r0]
 765              		.loc 1 478 11 view .LVU252
 766 0002 1F23     		movs	r3, #31
 767 0004 1340     		ands	r3, r2
 768              	.LVL63:
 479:Drivers/STM32L0xx_HAL_Driver/Src/stm32l0xx_hal_exti.c ****   maskline = (1uL << linepos);
 769              		.loc 1 479 3 is_stmt 1 view .LVU253
 770              		.loc 1 479 12 is_stmt 0 view .LVU254
 771 0006 0120     		movs	r0, #1
 772              	.LVL64:
 773              		.loc 1 479 12 view .LVU255
 774 0008 9840     		lsls	r0, r0, r3
 775              	.LVL65:
 480:Drivers/STM32L0xx_HAL_Driver/Src/stm32l0xx_hal_exti.c **** 
 481:Drivers/STM32L0xx_HAL_Driver/Src/stm32l0xx_hal_exti.c ****   /* return 1 if bit is set else 0 */
 482:Drivers/STM32L0xx_HAL_Driver/Src/stm32l0xx_hal_exti.c ****   regval = ((EXTI->PR & maskline) >> linepos);
 776              		.loc 1 482 3 is_stmt 1 view .LVU256
ARM GAS  /tmp/cc5rnaOi.s 			page 24


 777              		.loc 1 482 18 is_stmt 0 view .LVU257
 778 000a 024A     		ldr	r2, .L50
 779 000c 5269     		ldr	r2, [r2, #20]
 780              		.loc 1 482 23 view .LVU258
 781 000e 1040     		ands	r0, r2
 782              	.LVL66:
 783              		.loc 1 482 10 view .LVU259
 784 0010 D840     		lsrs	r0, r0, r3
 785              	.LVL67:
 483:Drivers/STM32L0xx_HAL_Driver/Src/stm32l0xx_hal_exti.c ****   return regval;
 786              		.loc 1 483 3 is_stmt 1 view .LVU260
 484:Drivers/STM32L0xx_HAL_Driver/Src/stm32l0xx_hal_exti.c **** }
 787              		.loc 1 484 1 is_stmt 0 view .LVU261
 788              		@ sp needed
 789 0012 7047     		bx	lr
 790              	.L51:
 791              		.align	2
 792              	.L50:
 793 0014 00040140 		.word	1073808384
 794              		.cfi_endproc
 795              	.LFE53:
 797              		.section	.text.HAL_EXTI_ClearPending,"ax",%progbits
 798              		.align	1
 799              		.global	HAL_EXTI_ClearPending
 800              		.syntax unified
 801              		.code	16
 802              		.thumb_func
 804              	HAL_EXTI_ClearPending:
 805              	.LVL68:
 806              	.LFB54:
 485:Drivers/STM32L0xx_HAL_Driver/Src/stm32l0xx_hal_exti.c **** 
 486:Drivers/STM32L0xx_HAL_Driver/Src/stm32l0xx_hal_exti.c **** /**
 487:Drivers/STM32L0xx_HAL_Driver/Src/stm32l0xx_hal_exti.c ****   * @brief  Clear interrupt pending bit of a dedicated line.
 488:Drivers/STM32L0xx_HAL_Driver/Src/stm32l0xx_hal_exti.c ****   * @param  hexti Exti handle.
 489:Drivers/STM32L0xx_HAL_Driver/Src/stm32l0xx_hal_exti.c ****   * @param  Edge Specify which pending edge as to be clear.
 490:Drivers/STM32L0xx_HAL_Driver/Src/stm32l0xx_hal_exti.c ****   *         This parameter can be one of the following values:
 491:Drivers/STM32L0xx_HAL_Driver/Src/stm32l0xx_hal_exti.c ****   *           @arg @ref EXTI_TRIGGER_RISING_FALLING
 492:Drivers/STM32L0xx_HAL_Driver/Src/stm32l0xx_hal_exti.c ****   *         This parameter is kept for compatibility with other series.
 493:Drivers/STM32L0xx_HAL_Driver/Src/stm32l0xx_hal_exti.c ****   * @retval None.
 494:Drivers/STM32L0xx_HAL_Driver/Src/stm32l0xx_hal_exti.c ****   */
 495:Drivers/STM32L0xx_HAL_Driver/Src/stm32l0xx_hal_exti.c **** void HAL_EXTI_ClearPending(EXTI_HandleTypeDef *hexti, uint32_t Edge)
 496:Drivers/STM32L0xx_HAL_Driver/Src/stm32l0xx_hal_exti.c **** {
 807              		.loc 1 496 1 is_stmt 1 view -0
 808              		.cfi_startproc
 809              		@ args = 0, pretend = 0, frame = 0
 810              		@ frame_needed = 0, uses_anonymous_args = 0
 811              		@ link register save eliminated.
 497:Drivers/STM32L0xx_HAL_Driver/Src/stm32l0xx_hal_exti.c ****   uint32_t maskline;
 812              		.loc 1 497 3 view .LVU263
 498:Drivers/STM32L0xx_HAL_Driver/Src/stm32l0xx_hal_exti.c **** 
 499:Drivers/STM32L0xx_HAL_Driver/Src/stm32l0xx_hal_exti.c ****   /* Check parameters */
 500:Drivers/STM32L0xx_HAL_Driver/Src/stm32l0xx_hal_exti.c ****   assert_param(IS_EXTI_LINE(hexti->Line));
 813              		.loc 1 500 3 view .LVU264
 501:Drivers/STM32L0xx_HAL_Driver/Src/stm32l0xx_hal_exti.c ****   assert_param(IS_EXTI_CONFIG_LINE(hexti->Line));
 814              		.loc 1 501 3 view .LVU265
 502:Drivers/STM32L0xx_HAL_Driver/Src/stm32l0xx_hal_exti.c ****   assert_param(IS_EXTI_PENDING_EDGE(Edge));
 815              		.loc 1 502 3 view .LVU266
ARM GAS  /tmp/cc5rnaOi.s 			page 25


 503:Drivers/STM32L0xx_HAL_Driver/Src/stm32l0xx_hal_exti.c **** 
 504:Drivers/STM32L0xx_HAL_Driver/Src/stm32l0xx_hal_exti.c ****   /* Compute line mask */
 505:Drivers/STM32L0xx_HAL_Driver/Src/stm32l0xx_hal_exti.c ****   maskline = (1uL << (hexti->Line & EXTI_PIN_MASK));
 816              		.loc 1 505 3 view .LVU267
 817              		.loc 1 505 28 is_stmt 0 view .LVU268
 818 0000 0368     		ldr	r3, [r0]
 819              		.loc 1 505 35 view .LVU269
 820 0002 1F22     		movs	r2, #31
 821 0004 1A40     		ands	r2, r3
 822              		.loc 1 505 12 view .LVU270
 823 0006 0123     		movs	r3, #1
 824 0008 9340     		lsls	r3, r3, r2
 825              	.LVL69:
 506:Drivers/STM32L0xx_HAL_Driver/Src/stm32l0xx_hal_exti.c **** 
 507:Drivers/STM32L0xx_HAL_Driver/Src/stm32l0xx_hal_exti.c ****   /* Clear Pending bit */
 508:Drivers/STM32L0xx_HAL_Driver/Src/stm32l0xx_hal_exti.c ****   EXTI->PR =  maskline;
 826              		.loc 1 508 3 is_stmt 1 view .LVU271
 827              		.loc 1 508 12 is_stmt 0 view .LVU272
 828 000a 014A     		ldr	r2, .L53
 829 000c 5361     		str	r3, [r2, #20]
 509:Drivers/STM32L0xx_HAL_Driver/Src/stm32l0xx_hal_exti.c **** }
 830              		.loc 1 509 1 view .LVU273
 831              		@ sp needed
 832 000e 7047     		bx	lr
 833              	.L54:
 834              		.align	2
 835              	.L53:
 836 0010 00040140 		.word	1073808384
 837              		.cfi_endproc
 838              	.LFE54:
 840              		.section	.text.HAL_EXTI_GenerateSWI,"ax",%progbits
 841              		.align	1
 842              		.global	HAL_EXTI_GenerateSWI
 843              		.syntax unified
 844              		.code	16
 845              		.thumb_func
 847              	HAL_EXTI_GenerateSWI:
 848              	.LVL70:
 849              	.LFB55:
 510:Drivers/STM32L0xx_HAL_Driver/Src/stm32l0xx_hal_exti.c **** 
 511:Drivers/STM32L0xx_HAL_Driver/Src/stm32l0xx_hal_exti.c **** /**
 512:Drivers/STM32L0xx_HAL_Driver/Src/stm32l0xx_hal_exti.c ****   * @brief  Generate a software interrupt for a dedicated line.
 513:Drivers/STM32L0xx_HAL_Driver/Src/stm32l0xx_hal_exti.c ****   * @param  hexti Exti handle.
 514:Drivers/STM32L0xx_HAL_Driver/Src/stm32l0xx_hal_exti.c ****   * @retval None.
 515:Drivers/STM32L0xx_HAL_Driver/Src/stm32l0xx_hal_exti.c ****   */
 516:Drivers/STM32L0xx_HAL_Driver/Src/stm32l0xx_hal_exti.c **** void HAL_EXTI_GenerateSWI(EXTI_HandleTypeDef *hexti)
 517:Drivers/STM32L0xx_HAL_Driver/Src/stm32l0xx_hal_exti.c **** {
 850              		.loc 1 517 1 is_stmt 1 view -0
 851              		.cfi_startproc
 852              		@ args = 0, pretend = 0, frame = 0
 853              		@ frame_needed = 0, uses_anonymous_args = 0
 854              		@ link register save eliminated.
 518:Drivers/STM32L0xx_HAL_Driver/Src/stm32l0xx_hal_exti.c ****   uint32_t maskline;
 855              		.loc 1 518 3 view .LVU275
 519:Drivers/STM32L0xx_HAL_Driver/Src/stm32l0xx_hal_exti.c **** 
 520:Drivers/STM32L0xx_HAL_Driver/Src/stm32l0xx_hal_exti.c ****   /* Check parameters */
 521:Drivers/STM32L0xx_HAL_Driver/Src/stm32l0xx_hal_exti.c ****   assert_param(IS_EXTI_LINE(hexti->Line));
ARM GAS  /tmp/cc5rnaOi.s 			page 26


 856              		.loc 1 521 3 view .LVU276
 522:Drivers/STM32L0xx_HAL_Driver/Src/stm32l0xx_hal_exti.c ****   assert_param(IS_EXTI_CONFIG_LINE(hexti->Line));
 857              		.loc 1 522 3 view .LVU277
 523:Drivers/STM32L0xx_HAL_Driver/Src/stm32l0xx_hal_exti.c **** 
 524:Drivers/STM32L0xx_HAL_Driver/Src/stm32l0xx_hal_exti.c ****   /* Compute line mask */
 525:Drivers/STM32L0xx_HAL_Driver/Src/stm32l0xx_hal_exti.c ****   maskline = (1uL << (hexti->Line & EXTI_PIN_MASK));
 858              		.loc 1 525 3 view .LVU278
 859              		.loc 1 525 28 is_stmt 0 view .LVU279
 860 0000 0368     		ldr	r3, [r0]
 861              		.loc 1 525 35 view .LVU280
 862 0002 1F22     		movs	r2, #31
 863 0004 1A40     		ands	r2, r3
 864              		.loc 1 525 12 view .LVU281
 865 0006 0123     		movs	r3, #1
 866 0008 9340     		lsls	r3, r3, r2
 867              	.LVL71:
 526:Drivers/STM32L0xx_HAL_Driver/Src/stm32l0xx_hal_exti.c **** 
 527:Drivers/STM32L0xx_HAL_Driver/Src/stm32l0xx_hal_exti.c ****   /* Generate Software interrupt */
 528:Drivers/STM32L0xx_HAL_Driver/Src/stm32l0xx_hal_exti.c ****   EXTI->SWIER = maskline;
 868              		.loc 1 528 3 is_stmt 1 view .LVU282
 869              		.loc 1 528 15 is_stmt 0 view .LVU283
 870 000a 014A     		ldr	r2, .L56
 871 000c 1361     		str	r3, [r2, #16]
 529:Drivers/STM32L0xx_HAL_Driver/Src/stm32l0xx_hal_exti.c **** }
 872              		.loc 1 529 1 view .LVU284
 873              		@ sp needed
 874 000e 7047     		bx	lr
 875              	.L57:
 876              		.align	2
 877              	.L56:
 878 0010 00040140 		.word	1073808384
 879              		.cfi_endproc
 880              	.LFE55:
 882              		.text
 883              	.Letext0:
 884              		.file 2 "/opt/st/stm32cubeclt/GNU-tools-for-STM32/arm-none-eabi/include/machine/_default_types.h"
 885              		.file 3 "/opt/st/stm32cubeclt/GNU-tools-for-STM32/arm-none-eabi/include/sys/_stdint.h"
 886              		.file 4 "Drivers/CMSIS/Device/ST/STM32L0xx/Include/stm32l053xx.h"
 887              		.file 5 "Drivers/STM32L0xx_HAL_Driver/Inc/stm32l0xx_hal_def.h"
 888              		.file 6 "Drivers/STM32L0xx_HAL_Driver/Inc/stm32l0xx_hal_exti.h"
ARM GAS  /tmp/cc5rnaOi.s 			page 27


DEFINED SYMBOLS
                            *ABS*:0000000000000000 stm32l0xx_hal_exti.c
     /tmp/cc5rnaOi.s:18     .text.HAL_EXTI_SetConfigLine:0000000000000000 $t
     /tmp/cc5rnaOi.s:24     .text.HAL_EXTI_SetConfigLine:0000000000000000 HAL_EXTI_SetConfigLine
     /tmp/cc5rnaOi.s:240    .text.HAL_EXTI_SetConfigLine:00000000000000b8 $d
     /tmp/cc5rnaOi.s:246    .text.HAL_EXTI_GetConfigLine:0000000000000000 $t
     /tmp/cc5rnaOi.s:252    .text.HAL_EXTI_GetConfigLine:0000000000000000 HAL_EXTI_GetConfigLine
     /tmp/cc5rnaOi.s:433    .text.HAL_EXTI_GetConfigLine:0000000000000098 $d
     /tmp/cc5rnaOi.s:439    .text.HAL_EXTI_ClearConfigLine:0000000000000000 $t
     /tmp/cc5rnaOi.s:445    .text.HAL_EXTI_ClearConfigLine:0000000000000000 HAL_EXTI_ClearConfigLine
     /tmp/cc5rnaOi.s:586    .text.HAL_EXTI_ClearConfigLine:0000000000000068 $d
     /tmp/cc5rnaOi.s:592    .text.HAL_EXTI_RegisterCallback:0000000000000000 $t
     /tmp/cc5rnaOi.s:598    .text.HAL_EXTI_RegisterCallback:0000000000000000 HAL_EXTI_RegisterCallback
     /tmp/cc5rnaOi.s:633    .text.HAL_EXTI_GetHandle:0000000000000000 $t
     /tmp/cc5rnaOi.s:639    .text.HAL_EXTI_GetHandle:0000000000000000 HAL_EXTI_GetHandle
     /tmp/cc5rnaOi.s:674    .text.HAL_EXTI_IRQHandler:0000000000000000 $t
     /tmp/cc5rnaOi.s:680    .text.HAL_EXTI_IRQHandler:0000000000000000 HAL_EXTI_IRQHandler
     /tmp/cc5rnaOi.s:737    .text.HAL_EXTI_IRQHandler:0000000000000024 $d
     /tmp/cc5rnaOi.s:742    .text.HAL_EXTI_GetPending:0000000000000000 $t
     /tmp/cc5rnaOi.s:748    .text.HAL_EXTI_GetPending:0000000000000000 HAL_EXTI_GetPending
     /tmp/cc5rnaOi.s:793    .text.HAL_EXTI_GetPending:0000000000000014 $d
     /tmp/cc5rnaOi.s:798    .text.HAL_EXTI_ClearPending:0000000000000000 $t
     /tmp/cc5rnaOi.s:804    .text.HAL_EXTI_ClearPending:0000000000000000 HAL_EXTI_ClearPending
     /tmp/cc5rnaOi.s:836    .text.HAL_EXTI_ClearPending:0000000000000010 $d
     /tmp/cc5rnaOi.s:841    .text.HAL_EXTI_GenerateSWI:0000000000000000 $t
     /tmp/cc5rnaOi.s:847    .text.HAL_EXTI_GenerateSWI:0000000000000000 HAL_EXTI_GenerateSWI
     /tmp/cc5rnaOi.s:878    .text.HAL_EXTI_GenerateSWI:0000000000000010 $d

NO UNDEFINED SYMBOLS
